============================================================
Time  2018/09/19 19:37:24 467 
============================================================
[2018/09/19 19:37:24 467] isr        1659 isr loaded!  
[2018/09/19 19:37:24 467] isr        1642 SYS_MSG_REGCB param0 =   msp_status_cb  param1 =   func(5c02d010) 
[2018/09/19 19:37:24 467] isr        1537 ASR_MSG_SSB  
[2018/09/19 19:37:24 467] isr        1066 session_begin() [in], params:   nlp_version =3.0,trssrc=its,addcap = translate,orilang = en,translang = cn,scene = main,sch=1,sub=iat,domain = iat, language = zh_cn, accent = mandarin,aue = speex-wb;7, sample_rate = 16000, result_type = plain, result_encoding = utf8  nil  
[2018/09/19 19:37:24 467] isr        927  vad_set [in]  
[2018/09/19 19:37:24 467] isr        962  vad_enable :  true  
[2018/09/19 19:37:24 467] isr        980  vad_bos :  10000  
[2018/09/19 19:37:24 467] isr        981  vad_eos :  2000  
[2018/09/19 19:37:24 467] isr        886  enable_vad [in]  
[2018/09/19 19:37:24 468] isr        918  vad enabled!  2000  10000  
[2018/09/19 19:37:24 468] isr        921  enable_vad [out]  
[2018/09/19 19:37:24 468] isr        987  vad_set [out] | ret =  0  
[2018/09/19 19:37:24 468] isr        1187 cur_engine_type =   cloud  
[2018/09/19 19:37:24 468] isr        1001 cloud_session_begin  
[2018/09/19 19:37:24 468] isr        1013 standard  
[2018/09/19 19:37:24 469] isr        1547 ASR_MSG_AUW,   cloud  
[2018/09/19 19:37:24 469] isr        1559 6400  1  
[2018/09/19 19:37:24 469] isr        1569 once_bytes:   6400  
[2018/09/19 19:37:24 472] isr        851  [aud] speech start  
[2018/09/19 19:37:24 472] isr        798  1  msc  
[2018/09/19 19:37:24 670] isr        1547 ASR_MSG_AUW,   cloud  
[2018/09/19 19:37:24 670] isr        1559 6400  2  
[2018/09/19 19:37:24 871] isr        1547 ASR_MSG_AUW,   cloud  
[2018/09/19 19:37:24 871] isr        1559 6400  2  
[2018/09/19 19:37:25 072] isr        1547 ASR_MSG_AUW,   cloud  
[2018/09/19 19:37:25 072] isr        1559 6400  2  
[2018/09/19 19:37:25 273] isr        1547 ASR_MSG_AUW,   cloud  
[2018/09/19 19:37:25 273] isr        1559 6400  2  
[2018/09/19 19:37:25 473] isr        1547 ASR_MSG_AUW,   cloud  
[2018/09/19 19:37:25 473] isr        1559 6400  2  
[2018/09/19 19:37:25 674] isr        1547 ASR_MSG_AUW,   cloud  
[2018/09/19 19:37:25 675] isr        1559 6400  2  
[2018/09/19 19:37:25 875] isr        1547 ASR_MSG_AUW,   cloud  
[2018/09/19 19:37:25 875] isr        1559 6400  2  
[2018/09/19 19:37:26 076] isr        1547 ASR_MSG_AUW,   cloud  
[2018/09/19 19:37:26 076] isr        1559 6400  2  
[2018/09/19 19:37:26 277] isr        1547 ASR_MSG_AUW,   cloud  
[2018/09/19 19:37:26 277] isr        1559 6400  2  
[2018/09/19 19:37:26 478] isr        1547 ASR_MSG_AUW,   cloud  
[2018/09/19 19:37:26 478] isr        1559 6400  2  
[2018/09/19 19:37:26 679] isr        1547 ASR_MSG_AUW,   cloud  
[2018/09/19 19:37:26 679] isr        1559 6400  2  
[2018/09/19 19:37:26 879] isr        1547 ASR_MSG_AUW,   cloud  
[2018/09/19 19:37:26 879] isr        1559 6400  2  
[2018/09/19 19:37:27 080] isr        1547 ASR_MSG_AUW,   cloud  
[2018/09/19 19:37:27 080] isr        1559 6400  2  
[2018/09/19 19:37:27 281] isr        1547 ASR_MSG_AUW,   cloud  
[2018/09/19 19:37:27 281] isr        1559 6400  2  
[2018/09/19 19:37:27 481] isr        1547 ASR_MSG_AUW,   cloud  
[2018/09/19 19:37:27 481] isr        1559 6400  2  
[2018/09/19 19:37:27 682] isr        1547 ASR_MSG_AUW,   cloud  
[2018/09/19 19:37:27 682] isr        1559 6400  2  
[2018/09/19 19:37:27 883] isr        1547 ASR_MSG_AUW,   cloud  
[2018/09/19 19:37:27 883] isr        1559 10222  2  
[2018/09/19 19:37:28 084] isr        1547 ASR_MSG_AUW,   cloud  
[2018/09/19 19:37:28 084] isr        1559 0  4  
[2018/09/19 19:37:28 084] isr        1592 aud end, USER  
[2018/09/19 19:37:28 085] isr        854  [aud] speech end  
[2018/09/19 19:37:28 085] isr        798  3  msc  
[2018/09/19 19:37:28 086] isr        1636 ASR_MSG_GRSLT,   cloud  
[2018/09/19 19:37:28 086] isr        1335 0  nil  2  
[2018/09/19 19:37:28 087] isr        707  cloud_status_cb, start local.  
[2018/09/19 19:37:28 237] isr        1636 ASR_MSG_GRSLT,   cloud  
[2018/09/19 19:37:28 237] isr        1335 0  nil  2  
[2018/09/19 19:37:28 388] isr        1636 ASR_MSG_GRSLT,   cloud  
[2018/09/19 19:37:28 388] isr        1335 0  nil  2  
[2018/09/19 19:37:28 539] isr        1636 ASR_MSG_GRSLT,   cloud  
[2018/09/19 19:37:28 539] isr        1335 0  nil  2  
[2018/09/19 19:37:28 690] isr        1636 ASR_MSG_GRSLT,   cloud  
[2018/09/19 19:37:28 690] isr        1335 0  nil  2  
[2018/09/19 19:37:28 842] isr        1636 ASR_MSG_GRSLT,   cloud  
[2018/09/19 19:37:28 842] isr        1335 0  nil  2  
[2018/09/19 19:37:28 993] isr        1636 ASR_MSG_GRSLT,   cloud  
[2018/09/19 19:37:28 993] isr        1335 0  nil  2  
[2018/09/19 19:37:29 144] isr        1636 ASR_MSG_GRSLT,   cloud  
[2018/09/19 19:37:29 144] isr        1335 0  nil  2  
[2018/09/19 19:37:29 295] isr        1636 ASR_MSG_GRSLT,   cloud  
[2018/09/19 19:37:29 296] isr        1335 0  nil  2  
[2018/09/19 19:37:29 447] isr        1636 ASR_MSG_GRSLT,   cloud  
[2018/09/19 19:37:29 447] isr        1335 0  nil  2  
[2018/09/19 19:37:29 598] isr        1636 ASR_MSG_GRSLT,   cloud  
[2018/09/19 19:37:29 598] isr        1335 0  nil  2  
[2018/09/19 19:37:29 749] isr        1636 ASR_MSG_GRSLT,   cloud  
[2018/09/19 19:37:29 749] isr        1335 0  nil  2  
[2018/09/19 19:37:29 900] isr        1636 ASR_MSG_GRSLT,   cloud  
[2018/09/19 19:37:29 900] isr        1335 0  nil  2  
[2018/09/19 19:37:30 052] isr        1636 ASR_MSG_GRSLT,   cloud  
[2018/09/19 19:37:30 052] isr        1335 0  nil  2  
[2018/09/19 19:37:30 203] isr        1636 ASR_MSG_GRSLT,   cloud  
[2018/09/19 19:37:30 203] isr        1335 0  nil  2  
[2018/09/19 19:37:30 354] isr        1636 ASR_MSG_GRSLT,   cloud  
[2018/09/19 19:37:30 354] isr        1335 0  nil  2  
[2018/09/19 19:37:30 505] isr        1636 ASR_MSG_GRSLT,   cloud  
[2018/09/19 19:37:30 505] isr        1335 0  nil  2  
[2018/09/19 19:37:30 656] isr        1636 ASR_MSG_GRSLT,   cloud  
[2018/09/19 19:37:30 657] isr        1335 0  nil  2  
[2018/09/19 19:37:30 808] isr        1636 ASR_MSG_GRSLT,   cloud  
[2018/09/19 19:37:30 808] isr        1335 0  nil  2  
[2018/09/19 19:37:30 959] isr        1636 ASR_MSG_GRSLT,   cloud  
[2018/09/19 19:37:30 959] isr        1335 0  nil  2  
[2018/09/19 19:37:31 110] isr        1636 ASR_MSG_GRSLT,   cloud  
[2018/09/19 19:37:31 110] isr        1335 0  nil  2  
[2018/09/19 19:37:31 262] isr        1636 ASR_MSG_GRSLT,   cloud  
[2018/09/19 19:37:31 262] isr        1335 0  nil  2  
[2018/09/19 19:37:31 413] isr        1636 ASR_MSG_GRSLT,   cloud  
[2018/09/19 19:37:31 413] isr        1335 0  nil  2  
[2018/09/19 19:37:31 564] isr        1636 ASR_MSG_GRSLT,   cloud  
[2018/09/19 19:37:31 564] isr        1335 0  nil  2  
[2018/09/19 19:37:31 715] isr        1636 ASR_MSG_GRSLT,   cloud  
[2018/09/19 19:37:31 715] isr        1335 0  nil  2  
[2018/09/19 19:37:31 866] isr        1636 ASR_MSG_GRSLT,   cloud  
[2018/09/19 19:37:31 867] isr        1335 0  nil  2  
[2018/09/19 19:37:32 018] isr        1636 ASR_MSG_GRSLT,   cloud  
[2018/09/19 19:37:32 018] isr        1335 0  nil  2  
[2018/09/19 19:37:32 169] isr        1636 ASR_MSG_GRSLT,   cloud  
[2018/09/19 19:37:32 169] isr        1335 0  nil  2  
[2018/09/19 19:37:32 320] isr        1636 ASR_MSG_GRSLT,   cloud  
[2018/09/19 19:37:32 321] isr        1335 0  nil  2  
[2018/09/19 19:37:32 472] isr        1636 ASR_MSG_GRSLT,   cloud  
[2018/09/19 19:37:32 473] isr        1335 0  nil  2  
[2018/09/19 19:37:32 623] isr        1636 ASR_MSG_GRSLT,   cloud  
[2018/09/19 19:37:32 623] isr        1335 0  nil  2  
[2018/09/19 19:37:32 775] isr        1636 ASR_MSG_GRSLT,   cloud  
[2018/09/19 19:37:32 775] isr        1335 0  nil  2  
[2018/09/19 19:37:32 926] isr        1636 ASR_MSG_GRSLT,   cloud  
[2018/09/19 19:37:32 926] isr        1335 0  nil  2  
[2018/09/19 19:37:33 077] isr        1636 ASR_MSG_GRSLT,   cloud  
[2018/09/19 19:37:33 077] isr        1335 0  nil  2  
[2018/09/19 19:37:33 231] isr        1636 ASR_MSG_GRSLT,   cloud  
[2018/09/19 19:37:33 231] isr        1335 0  nil  2  
[2018/09/19 19:37:33 383] isr        1636 ASR_MSG_GRSLT,   cloud  
[2018/09/19 19:37:33 383] isr        1335 0  nil  2  
[2018/09/19 19:37:33 534] isr        1636 ASR_MSG_GRSLT,   cloud  
[2018/09/19 19:37:33 534] isr        1335 0  nil  2  
[2018/09/19 19:37:33 685] isr        1636 ASR_MSG_GRSLT,   cloud  
[2018/09/19 19:37:33 685] isr        1335 0  nil  2  
[2018/09/19 19:37:33 836] isr        1636 ASR_MSG_GRSLT,   cloud  
[2018/09/19 19:37:33 836] isr        1335 0  nil  2  
[2018/09/19 19:37:33 987] isr        1636 ASR_MSG_GRSLT,   cloud  
[2018/09/19 19:37:33 987] isr        1335 0  nil  2  
[2018/09/19 19:37:34 138] isr        1636 ASR_MSG_GRSLT,   cloud  
[2018/09/19 19:37:34 139] isr        1335 0  nil  2  
[2018/09/19 19:37:34 290] isr        1636 ASR_MSG_GRSLT,   cloud  
[2018/09/19 19:37:34 290] isr        1335 0  nil  2  
[2018/09/19 19:37:34 441] isr        1636 ASR_MSG_GRSLT,   cloud  
[2018/09/19 19:37:34 441] isr        1335 0  nil  2  
[2018/09/19 19:37:34 592] isr        1636 ASR_MSG_GRSLT,   cloud  
[2018/09/19 19:37:34 592] isr        1335 0  nil  2  
[2018/09/19 19:37:34 743] isr        1636 ASR_MSG_GRSLT,   cloud  
[2018/09/19 19:37:34 743] isr        1335 0  nil  2  
[2018/09/19 19:37:34 895] isr        1636 ASR_MSG_GRSLT,   cloud  
[2018/09/19 19:37:34 895] isr        1335 0  nil  2  
[2018/09/19 19:37:35 046] isr        1636 ASR_MSG_GRSLT,   cloud  
[2018/09/19 19:37:35 046] isr        1335 0  nil  2  
[2018/09/19 19:37:35 197] isr        1636 ASR_MSG_GRSLT,   cloud  
[2018/09/19 19:37:35 197] isr        1335 0  nil  2  
[2018/09/19 19:37:35 348] isr        1636 ASR_MSG_GRSLT,   cloud  
[2018/09/19 19:37:35 348] isr        1335 0  nil  2  
[2018/09/19 19:37:35 500] isr        1636 ASR_MSG_GRSLT,   cloud  
[2018/09/19 19:37:35 500] isr        1335 0  nil  2  
[2018/09/19 19:37:35 650] isr        1636 ASR_MSG_GRSLT,   cloud  
[2018/09/19 19:37:35 650] isr        1335 0  nil  2  
[2018/09/19 19:37:35 801] isr        1636 ASR_MSG_GRSLT,   cloud  
[2018/09/19 19:37:35 801] isr        1335 0  nil  2  
[2018/09/19 19:37:35 952] isr        1636 ASR_MSG_GRSLT,   cloud  
[2018/09/19 19:37:35 952] isr        1335 0  nil  2  
[2018/09/19 19:37:36 103] isr        1636 ASR_MSG_GRSLT,   cloud  
[2018/09/19 19:37:36 103] isr        1335 0  nil  2  
[2018/09/19 19:37:36 255] isr        1636 ASR_MSG_GRSLT,   cloud  
[2018/09/19 19:37:36 255] isr        1335 0  nil  2  
[2018/09/19 19:37:36 406] isr        1636 ASR_MSG_GRSLT,   cloud  
[2018/09/19 19:37:36 406] isr        1335 0  nil  2  
[2018/09/19 19:37:36 557] isr        1636 ASR_MSG_GRSLT,   cloud  
[2018/09/19 19:37:36 557] isr        1335 0  nil  2  
[2018/09/19 19:37:36 708] isr        1636 ASR_MSG_GRSLT,   cloud  
[2018/09/19 19:37:36 708] isr        1335 0  nil  2  
[2018/09/19 19:37:36 859] isr        1636 ASR_MSG_GRSLT,   cloud  
[2018/09/19 19:37:36 859] isr        1335 0  nil  2  
[2018/09/19 19:37:37 011] isr        1636 ASR_MSG_GRSLT,   cloud  
[2018/09/19 19:37:37 011] isr        1335 0  nil  2  
[2018/09/19 19:37:37 162] isr        1636 ASR_MSG_GRSLT,   cloud  
[2018/09/19 19:37:37 162] isr        1335 0  nil  2  
[2018/09/19 19:37:37 313] isr        1636 ASR_MSG_GRSLT,   cloud  
[2018/09/19 19:37:37 313] isr        1335 0  nil  2  
[2018/09/19 19:37:37 463] isr        1636 ASR_MSG_GRSLT,   cloud  
[2018/09/19 19:37:37 463] isr        1335 0  nil  2  
[2018/09/19 19:37:37 614] isr        1636 ASR_MSG_GRSLT,   cloud  
[2018/09/19 19:37:37 614] isr        1335 0  nil  2  
[2018/09/19 19:37:37 765] isr        1636 ASR_MSG_GRSLT,   cloud  
[2018/09/19 19:37:37 765] isr        1335 0  nil  2  
[2018/09/19 19:37:37 916] isr        1636 ASR_MSG_GRSLT,   cloud  
[2018/09/19 19:37:37 916] isr        1335 0  nil  2  
[2018/09/19 19:37:38 067] isr        1636 ASR_MSG_GRSLT,   cloud  
[2018/09/19 19:37:38 067] isr        1335 0  nil  2  
[2018/09/19 19:37:38 218] isr        1636 ASR_MSG_GRSLT,   cloud  
[2018/09/19 19:37:38 218] isr        1335 0  nil  2  
[2018/09/19 19:37:38 370] isr        1636 ASR_MSG_GRSLT,   cloud  
[2018/09/19 19:37:38 370] isr        1335 0  nil  2  
[2018/09/19 19:37:38 521] isr        1636 ASR_MSG_GRSLT,   cloud  
[2018/09/19 19:37:38 521] isr        1335 0  nil  2  
[2018/09/19 19:37:38 673] isr        1636 ASR_MSG_GRSLT,   cloud  
[2018/09/19 19:37:38 673] isr        1335 0  nil  2  
[2018/09/19 19:37:38 824] isr        1636 ASR_MSG_GRSLT,   cloud  
[2018/09/19 19:37:38 824] isr        1335 0  nil  2  
[2018/09/19 19:37:38 975] isr        1636 ASR_MSG_GRSLT,   cloud  
[2018/09/19 19:37:38 975] isr        1335 0  nil  2  
[2018/09/19 19:37:39 126] isr        1636 ASR_MSG_GRSLT,   cloud  
[2018/09/19 19:37:39 126] isr        1335 0  nil  2  
[2018/09/19 19:37:39 277] isr        1636 ASR_MSG_GRSLT,   cloud  
[2018/09/19 19:37:39 277] isr        1335 0  nil  2  
[2018/09/19 19:37:39 429] isr        1636 ASR_MSG_GRSLT,   cloud  
[2018/09/19 19:37:39 429] isr        1335 0  nil  2  
[2018/09/19 19:37:39 580] isr        1636 ASR_MSG_GRSLT,   cloud  
[2018/09/19 19:37:39 580] isr        1335 0  nil  2  
[2018/09/19 19:37:39 731] isr        1636 ASR_MSG_GRSLT,   cloud  
[2018/09/19 19:37:39 731] isr        1335 0  nil  2  
[2018/09/19 19:37:39 882] isr        1636 ASR_MSG_GRSLT,   cloud  
[2018/09/19 19:37:39 883] isr        1335 0  nil  2  
[2018/09/19 19:37:40 033] isr        1636 ASR_MSG_GRSLT,   cloud  
[2018/09/19 19:37:40 033] isr        1335 0  nil  2  
[2018/09/19 19:37:40 184] isr        1636 ASR_MSG_GRSLT,   cloud  
[2018/09/19 19:37:40 184] isr        1335 0  nil  2  
[2018/09/19 19:37:40 336] isr        1636 ASR_MSG_GRSLT,   cloud  
[2018/09/19 19:37:40 336] isr        1335 0  nil  2  
[2018/09/19 19:37:40 487] isr        1636 ASR_MSG_GRSLT,   cloud  
[2018/09/19 19:37:40 487] isr        1335 0  nil  2  
[2018/09/19 19:37:40 639] isr        1636 ASR_MSG_GRSLT,   cloud  
[2018/09/19 19:37:40 639] isr        1335 0  nil  2  
[2018/09/19 19:37:40 789] isr        1636 ASR_MSG_GRSLT,   cloud  
[2018/09/19 19:37:40 789] isr        1335 0  nil  2  
[2018/09/19 19:37:40 940] isr        1636 ASR_MSG_GRSLT,   cloud  
[2018/09/19 19:37:40 940] isr        1335 0  nil  2  
[2018/09/19 19:37:41 092] isr        1636 ASR_MSG_GRSLT,   cloud  
[2018/09/19 19:37:41 092] isr        1335 0  nil  2  
[2018/09/19 19:37:41 243] isr        1636 ASR_MSG_GRSLT,   cloud  
[2018/09/19 19:37:41 243] isr        1335 0  nil  2  
[2018/09/19 19:37:41 394] isr        1636 ASR_MSG_GRSLT,   cloud  
[2018/09/19 19:37:41 394] isr        1335 0  nil  2  
[2018/09/19 19:37:41 545] isr        1636 ASR_MSG_GRSLT,   cloud  
[2018/09/19 19:37:41 546] isr        1335 0  nil  2  
[2018/09/19 19:37:41 697] isr        1636 ASR_MSG_GRSLT,   cloud  
[2018/09/19 19:37:41 697] isr        1335 0  nil  2  
[2018/09/19 19:37:41 848] isr        1636 ASR_MSG_GRSLT,   cloud  
[2018/09/19 19:37:41 848] isr        1335 0  nil  2  
[2018/09/19 19:37:41 999] isr        1636 ASR_MSG_GRSLT,   cloud  
[2018/09/19 19:37:41 999] isr        1335 0  nil  2  
[2018/09/19 19:37:42 151] isr        1636 ASR_MSG_GRSLT,   cloud  
[2018/09/19 19:37:42 151] isr        1335 0  nil  2  
[2018/09/19 19:37:42 302] isr        1636 ASR_MSG_GRSLT,   cloud  
[2018/09/19 19:37:42 302] isr        1335 0  nil  2  
[2018/09/19 19:37:42 453] isr        1636 ASR_MSG_GRSLT,   cloud  
[2018/09/19 19:37:42 453] isr        1335 0  nil  2  
[2018/09/19 19:37:42 604] isr        1636 ASR_MSG_GRSLT,   cloud  
[2018/09/19 19:37:42 604] isr        1335 0  nil  2  
[2018/09/19 19:37:42 756] isr        1636 ASR_MSG_GRSLT,   cloud  
[2018/09/19 19:37:42 756] isr        1335 0  nil  2  
[2018/09/19 19:37:42 907] isr        1636 ASR_MSG_GRSLT,   cloud  
[2018/09/19 19:37:42 907] isr        1335 0  nil  2  
[2018/09/19 19:37:43 058] isr        1636 ASR_MSG_GRSLT,   cloud  
[2018/09/19 19:37:43 058] isr        1335 0  nil  2  
[2018/09/19 19:37:43 085] isr        1746 !!! timeout without result  
[2018/09/19 19:37:43 209] isr        1636 ASR_MSG_GRSLT,   cloud  
[2018/09/19 19:37:43 209] isr        1335 0  nil  2  
[2018/09/19 19:37:43 360] isr        1636 ASR_MSG_GRSLT,   cloud  
[2018/09/19 19:37:43 360] isr        1335 0  nil  2  
[2018/09/19 19:37:43 512] isr        1636 ASR_MSG_GRSLT,   cloud  
[2018/09/19 19:37:43 512] isr        1335 0  nil  2  
[2018/09/19 19:37:43 663] isr        1636 ASR_MSG_GRSLT,   cloud  
[2018/09/19 19:37:43 663] isr        1335 0  nil  2  
[2018/09/19 19:37:43 814] isr        1636 ASR_MSG_GRSLT,   cloud  
[2018/09/19 19:37:43 814] isr        1335 0  nil  2  
[2018/09/19 19:37:43 965] isr        1636 ASR_MSG_GRSLT,   cloud  
[2018/09/19 19:37:43 965] isr        1335 0  nil  2  
[2018/09/19 19:37:44 117] isr        1636 ASR_MSG_GRSLT,   cloud  
[2018/09/19 19:37:44 117] isr        1335 0  nil  2  
[2018/09/19 19:37:44 268] isr        1636 ASR_MSG_GRSLT,   cloud  
[2018/09/19 19:37:44 268] isr        1335 0  nil  2  
[2018/09/19 19:37:44 419] isr        1636 ASR_MSG_GRSLT,   cloud  
[2018/09/19 19:37:44 419] isr        1335 0  nil  2  
[2018/09/19 19:37:44 571] isr        1636 ASR_MSG_GRSLT,   cloud  
[2018/09/19 19:37:44 571] isr        1335 0  nil  2  
[2018/09/19 19:37:44 722] isr        1636 ASR_MSG_GRSLT,   cloud  
[2018/09/19 19:37:44 722] isr        1335 0  nil  2  
[2018/09/19 19:37:44 873] isr        1636 ASR_MSG_GRSLT,   cloud  
[2018/09/19 19:37:44 874] isr        1335 0  nil  2  
[2018/09/19 19:37:45 025] isr        1636 ASR_MSG_GRSLT,   cloud  
[2018/09/19 19:37:45 025] isr        1335 0  nil  2  
[2018/09/19 19:37:45 176] isr        1636 ASR_MSG_GRSLT,   cloud  
[2018/09/19 19:37:45 176] isr        1335 0  nil  2  
[2018/09/19 19:37:45 327] isr        1636 ASR_MSG_GRSLT,   cloud  
[2018/09/19 19:37:45 327] isr        1335 0  nil  2  
[2018/09/19 19:37:45 479] isr        1636 ASR_MSG_GRSLT,   cloud  
[2018/09/19 19:37:45 479] isr        1335 0  nil  2  
[2018/09/19 19:37:45 630] isr        1636 ASR_MSG_GRSLT,   cloud  
[2018/09/19 19:37:45 630] isr        1335 0  nil  2  
[2018/09/19 19:37:45 781] isr        1636 ASR_MSG_GRSLT,   cloud  
[2018/09/19 19:37:45 781] isr        1335 0  nil  2  
[2018/09/19 19:37:45 932] isr        1636 ASR_MSG_GRSLT,   cloud  
[2018/09/19 19:37:45 933] isr        1335 0  nil  2  
[2018/09/19 19:37:46 084] isr        1636 ASR_MSG_GRSLT,   cloud  
[2018/09/19 19:37:46 084] isr        1335 0  nil  2  
[2018/09/19 19:37:46 235] isr        1636 ASR_MSG_GRSLT,   cloud  
[2018/09/19 19:37:46 235] isr        1335 0  nil  2  
[2018/09/19 19:37:46 387] isr        1636 ASR_MSG_GRSLT,   cloud  
[2018/09/19 19:37:46 387] isr        1335 0  nil  2  
[2018/09/19 19:37:46 538] isr        1636 ASR_MSG_GRSLT,   cloud  
[2018/09/19 19:37:46 538] isr        1335 0  nil  2  
[2018/09/19 19:37:46 689] isr        1636 ASR_MSG_GRSLT,   cloud  
[2018/09/19 19:37:46 690] isr        1335 0  nil  2  
[2018/09/19 19:37:46 841] isr        1636 ASR_MSG_GRSLT,   cloud  
[2018/09/19 19:37:46 841] isr        1335 0  nil  2  
[2018/09/19 19:37:46 992] isr        1636 ASR_MSG_GRSLT,   cloud  
[2018/09/19 19:37:46 992] isr        1335 0  nil  2  
[2018/09/19 19:37:47 143] isr        1636 ASR_MSG_GRSLT,   cloud  
[2018/09/19 19:37:47 143] isr        1335 0  nil  2  
[2018/09/19 19:37:47 295] isr        1636 ASR_MSG_GRSLT,   cloud  
[2018/09/19 19:37:47 295] isr        1335 0  nil  2  
[2018/09/19 19:37:47 446] isr        1636 ASR_MSG_GRSLT,   cloud  
[2018/09/19 19:37:47 446] isr        1335 0  nil  2  
[2018/09/19 19:37:47 597] isr        1636 ASR_MSG_GRSLT,   cloud  
[2018/09/19 19:37:47 597] isr        1335 0  nil  2  
[2018/09/19 19:37:47 748] isr        1636 ASR_MSG_GRSLT,   cloud  
[2018/09/19 19:37:47 748] isr        1335 0  nil  2  
[2018/09/19 19:37:47 899] isr        1636 ASR_MSG_GRSLT,   cloud  
[2018/09/19 19:37:47 899] isr        1335 0  nil  2  
[2018/09/19 19:37:48 049] isr        1636 ASR_MSG_GRSLT,   cloud  
[2018/09/19 19:37:48 049] isr        1335 0  nil  2  
[2018/09/19 19:37:48 200] isr        1636 ASR_MSG_GRSLT,   cloud  
[2018/09/19 19:37:48 200] isr        1335 0  nil  2  
[2018/09/19 19:37:48 351] isr        1636 ASR_MSG_GRSLT,   cloud  
[2018/09/19 19:37:48 352] isr        1335 0  nil  2  
[2018/09/19 19:37:48 502] isr        1636 ASR_MSG_GRSLT,   cloud  
[2018/09/19 19:37:48 502] isr        1335 0  nil  2  
[2018/09/19 19:37:48 653] isr        1636 ASR_MSG_GRSLT,   cloud  
[2018/09/19 19:37:48 653] isr        1335 0  nil  2  
[2018/09/19 19:37:48 804] isr        1636 ASR_MSG_GRSLT,   cloud  
[2018/09/19 19:37:48 805] isr        1335 0  nil  2  
[2018/09/19 19:37:48 956] isr        1636 ASR_MSG_GRSLT,   cloud  
[2018/09/19 19:37:48 956] isr        1335 0  nil  2  
[2018/09/19 19:37:49 107] isr        1636 ASR_MSG_GRSLT,   cloud  
[2018/09/19 19:37:49 107] isr        1335 0  nil  2  
[2018/09/19 19:37:49 258] isr        1636 ASR_MSG_GRSLT,   cloud  
[2018/09/19 19:37:49 258] isr        1335 0  nil  2  
[2018/09/19 19:37:49 409] isr        1636 ASR_MSG_GRSLT,   cloud  
[2018/09/19 19:37:49 409] isr        1335 0  nil  2  
[2018/09/19 19:37:49 561] isr        1636 ASR_MSG_GRSLT,   cloud  
[2018/09/19 19:37:49 561] isr        1335 0  nil  2  
[2018/09/19 19:37:49 712] isr        1636 ASR_MSG_GRSLT,   cloud  
[2018/09/19 19:37:49 712] isr        1335 0  nil  2  
[2018/09/19 19:37:49 863] isr        1636 ASR_MSG_GRSLT,   cloud  
[2018/09/19 19:37:49 863] isr        1335 0  nil  2  
[2018/09/19 19:37:50 014] isr        1636 ASR_MSG_GRSLT,   cloud  
[2018/09/19 19:37:50 014] isr        1335 0  nil  2  
[2018/09/19 19:37:50 165] isr        1636 ASR_MSG_GRSLT,   cloud  
[2018/09/19 19:37:50 166] isr        1335 0  nil  2  
[2018/09/19 19:37:50 317] isr        1636 ASR_MSG_GRSLT,   cloud  
[2018/09/19 19:37:50 317] isr        1335 0  nil  2  
[2018/09/19 19:37:50 468] isr        1636 ASR_MSG_GRSLT,   cloud  
[2018/09/19 19:37:50 468] isr        1335 0  nil  2  
[2018/09/19 19:37:50 619] isr        1636 ASR_MSG_GRSLT,   cloud  
[2018/09/19 19:37:50 619] isr        1335 0  nil  2  
[2018/09/19 19:37:50 770] isr        1636 ASR_MSG_GRSLT,   cloud  
[2018/09/19 19:37:50 771] isr        1335 0  nil  2  
[2018/09/19 19:37:50 922] isr        1636 ASR_MSG_GRSLT,   cloud  
[2018/09/19 19:37:50 922] isr        1335 0  nil  2  
[2018/09/19 19:37:51 073] isr        1636 ASR_MSG_GRSLT,   cloud  
[2018/09/19 19:37:51 073] isr        1335 0  nil  2  
[2018/09/19 19:37:51 224] isr        1636 ASR_MSG_GRSLT,   cloud  
[2018/09/19 19:37:51 224] isr        1335 0  nil  2  
[2018/09/19 19:37:51 376] isr        1636 ASR_MSG_GRSLT,   cloud  
[2018/09/19 19:37:51 376] isr        1335 0  nil  2  
[2018/09/19 19:37:51 527] isr        1636 ASR_MSG_GRSLT,   cloud  
[2018/09/19 19:37:51 527] isr        1335 0  nil  2  
[2018/09/19 19:37:51 678] isr        1636 ASR_MSG_GRSLT,   cloud  
[2018/09/19 19:37:51 679] isr        1335 0  nil  2  
[2018/09/19 19:37:51 830] isr        1636 ASR_MSG_GRSLT,   cloud  
[2018/09/19 19:37:51 830] isr        1335 0  nil  2  
[2018/09/19 19:37:51 981] isr        1636 ASR_MSG_GRSLT,   cloud  
[2018/09/19 19:37:51 981] isr        1335 0  nil  2  
[2018/09/19 19:37:52 132] isr        1636 ASR_MSG_GRSLT,   cloud  
[2018/09/19 19:37:52 132] isr        1335 0  nil  2  
[2018/09/19 19:37:52 283] isr        1636 ASR_MSG_GRSLT,   cloud  
[2018/09/19 19:37:52 283] isr        1335 0  nil  2  
[2018/09/19 19:37:52 434] isr        1636 ASR_MSG_GRSLT,   cloud  
[2018/09/19 19:37:52 434] isr        1335 0  nil  2  
[2018/09/19 19:37:52 586] isr        1636 ASR_MSG_GRSLT,   cloud  
[2018/09/19 19:37:52 586] isr        1335 0  nil  2  
[2018/09/19 19:37:52 737] isr        1636 ASR_MSG_GRSLT,   cloud  
[2018/09/19 19:37:52 737] isr        1335 0  nil  2  
[2018/09/19 19:37:52 889] isr        1636 ASR_MSG_GRSLT,   cloud  
[2018/09/19 19:37:52 889] isr        1335 0  nil  2  
[2018/09/19 19:37:53 040] isr        1636 ASR_MSG_GRSLT,   cloud  
[2018/09/19 19:37:53 040] isr        1335 0  nil  2  
[2018/09/19 19:37:53 086] isr        1764 !!! isr session timeout  
[2018/09/19 19:37:53 088] isr        691  cloud_err_cb errorcode =   10114  detail =   MSC:session timeout!  
[2018/09/19 19:37:53 091] isr        691  cloud_err_cb errorcode =   10114  detail =   MSC:session timeout!  
[2018/09/19 19:37:53 192] isr        1636 ASR_MSG_GRSLT,   cloud  
[2018/09/19 19:37:53 192] isr        1335 10114  nil  2  
[2018/09/19 19:37:53 193] isr        1639 ASR_MSG_SSE,   cloud  
[2018/09/19 19:37:53 193] isr        1356 session_end() [in]  
[2018/09/19 19:37:53 193] isr        1421 cloud_session_end() [in]  
[2018/09/19 19:37:53 195] isr        1488 ns_host=  open.xf-yun.com  
[2018/09/19 19:37:53 197] isr        1514 cloud_session_end() [out]  
[2018/09/19 19:37:53 199] isr        1667 isr unload!  
============================================================
Time  2018/09/19 19:37:58 842 
============================================================
[2018/09/19 19:37:58 842] isr        1659 isr loaded!  
[2018/09/19 19:37:58 842] isr        1642 SYS_MSG_REGCB param0 =   msp_status_cb  param1 =   func(6802d030) 
[2018/09/19 19:37:58 842] isr        1537 ASR_MSG_SSB  
[2018/09/19 19:37:58 842] isr        1066 session_begin() [in], params:   nlp_version =3.0,trssrc=its,addcap = translate,orilang = en,translang = cn,scene = main,sch=1,sub=iat,domain = iat, language = zh_cn, accent = mandarin,aue = speex-wb;7, sample_rate = 16000, result_type = plain, result_encoding = utf8  nil  
[2018/09/19 19:37:58 842] isr        927  vad_set [in]  
[2018/09/19 19:37:58 842] isr        962  vad_enable :  true  
[2018/09/19 19:37:58 842] isr        980  vad_bos :  10000  
[2018/09/19 19:37:58 842] isr        981  vad_eos :  2000  
[2018/09/19 19:37:58 842] isr        886  enable_vad [in]  
[2018/09/19 19:37:58 843] isr        918  vad enabled!  2000  10000  
[2018/09/19 19:37:58 843] isr        921  enable_vad [out]  
[2018/09/19 19:37:58 843] isr        987  vad_set [out] | ret =  0  
[2018/09/19 19:37:58 843] isr        1187 cur_engine_type =   cloud  
[2018/09/19 19:37:58 843] isr        1001 cloud_session_begin  
[2018/09/19 19:37:58 843] isr        1013 standard  
[2018/09/19 19:37:58 845] isr        1547 ASR_MSG_AUW,   cloud  
[2018/09/19 19:37:58 845] isr        1559 6400  1  
[2018/09/19 19:37:58 845] isr        1569 once_bytes:   6400  
[2018/09/19 19:37:58 848] isr        851  [aud] speech start  
[2018/09/19 19:37:58 848] isr        798  1  msc  
[2018/09/19 19:37:59 046] isr        1547 ASR_MSG_AUW,   cloud  
[2018/09/19 19:37:59 046] isr        1559 6400  2  
[2018/09/19 19:37:59 247] isr        1547 ASR_MSG_AUW,   cloud  
[2018/09/19 19:37:59 247] isr        1559 6400  2  
[2018/09/19 19:37:59 448] isr        1547 ASR_MSG_AUW,   cloud  
[2018/09/19 19:37:59 448] isr        1559 6400  2  
[2018/09/19 19:37:59 649] isr        1547 ASR_MSG_AUW,   cloud  
[2018/09/19 19:37:59 649] isr        1559 6400  2  
[2018/09/19 19:37:59 850] isr        1547 ASR_MSG_AUW,   cloud  
[2018/09/19 19:37:59 850] isr        1559 6400  2  
[2018/09/19 19:38:00 051] isr        1547 ASR_MSG_AUW,   cloud  
[2018/09/19 19:38:00 051] isr        1559 6400  2  
[2018/09/19 19:38:00 252] isr        1547 ASR_MSG_AUW,   cloud  
[2018/09/19 19:38:00 252] isr        1559 6400  2  
[2018/09/19 19:38:00 452] isr        1547 ASR_MSG_AUW,   cloud  
[2018/09/19 19:38:00 452] isr        1559 6400  2  
[2018/09/19 19:38:00 652] isr        1547 ASR_MSG_AUW,   cloud  
[2018/09/19 19:38:00 652] isr        1559 6400  2  
[2018/09/19 19:38:00 853] isr        1547 ASR_MSG_AUW,   cloud  
[2018/09/19 19:38:00 853] isr        1559 6400  2  
[2018/09/19 19:38:01 054] isr        1547 ASR_MSG_AUW,   cloud  
[2018/09/19 19:38:01 054] isr        1559 6400  2  
[2018/09/19 19:38:01 255] isr        1547 ASR_MSG_AUW,   cloud  
[2018/09/19 19:38:01 255] isr        1559 6400  2  
[2018/09/19 19:38:01 456] isr        1547 ASR_MSG_AUW,   cloud  
[2018/09/19 19:38:01 456] isr        1559 6400  2  
[2018/09/19 19:38:01 656] isr        1547 ASR_MSG_AUW,   cloud  
[2018/09/19 19:38:01 656] isr        1559 6400  2  
[2018/09/19 19:38:01 857] isr        1547 ASR_MSG_AUW,   cloud  
[2018/09/19 19:38:01 858] isr        1559 6400  2  
[2018/09/19 19:38:02 058] isr        1547 ASR_MSG_AUW,   cloud  
[2018/09/19 19:38:02 058] isr        1559 6400  2  
[2018/09/19 19:38:02 259] isr        1547 ASR_MSG_AUW,   cloud  
[2018/09/19 19:38:02 259] isr        1559 10222  2  
[2018/09/19 19:38:02 460] isr        1547 ASR_MSG_AUW,   cloud  
[2018/09/19 19:38:02 460] isr        1559 0  4  
[2018/09/19 19:38:02 460] isr        1592 aud end, USER  
[2018/09/19 19:38:02 461] isr        854  [aud] speech end  
[2018/09/19 19:38:02 462] isr        798  3  msc  
[2018/09/19 19:38:02 462] isr        1636 ASR_MSG_GRSLT,   cloud  
[2018/09/19 19:38:02 462] isr        1335 0  nil  2  
[2018/09/19 19:38:02 463] isr        707  cloud_status_cb, start local.  
[2018/09/19 19:38:02 614] isr        1636 ASR_MSG_GRSLT,   cloud  
[2018/09/19 19:38:02 614] isr        1335 0  nil  2  
[2018/09/19 19:38:02 765] isr        1636 ASR_MSG_GRSLT,   cloud  
[2018/09/19 19:38:02 765] isr        1335 0  nil  2  
[2018/09/19 19:38:02 917] isr        1636 ASR_MSG_GRSLT,   cloud  
[2018/09/19 19:38:02 917] isr        1335 0  nil  2  
[2018/09/19 19:38:03 068] isr        1636 ASR_MSG_GRSLT,   cloud  
[2018/09/19 19:38:03 068] isr        1335 0  nil  2  
[2018/09/19 19:38:03 220] isr        1636 ASR_MSG_GRSLT,   cloud  
[2018/09/19 19:38:03 220] isr        1335 0  nil  2  
[2018/09/19 19:38:03 371] isr        1636 ASR_MSG_GRSLT,   cloud  
[2018/09/19 19:38:03 371] isr        1335 0  nil  2  
[2018/09/19 19:38:03 522] isr        1636 ASR_MSG_GRSLT,   cloud  
[2018/09/19 19:38:03 522] isr        1335 0  nil  2  
[2018/09/19 19:38:03 673] isr        1636 ASR_MSG_GRSLT,   cloud  
[2018/09/19 19:38:03 674] isr        1335 0  nil  2  
[2018/09/19 19:38:03 825] isr        1636 ASR_MSG_GRSLT,   cloud  
[2018/09/19 19:38:03 825] isr        1335 0  nil  2  
[2018/09/19 19:38:03 976] isr        1636 ASR_MSG_GRSLT,   cloud  
[2018/09/19 19:38:03 976] isr        1335 0  nil  2  
[2018/09/19 19:38:04 127] isr        1636 ASR_MSG_GRSLT,   cloud  
[2018/09/19 19:38:04 127] isr        1335 0  nil  2  
[2018/09/19 19:38:04 278] isr        1636 ASR_MSG_GRSLT,   cloud  
[2018/09/19 19:38:04 278] isr        1335 0  nil  2  
[2018/09/19 19:38:04 428] isr        1636 ASR_MSG_GRSLT,   cloud  
[2018/09/19 19:38:04 429] isr        1335 0  nil  2  
[2018/09/19 19:38:04 580] isr        1636 ASR_MSG_GRSLT,   cloud  
[2018/09/19 19:38:04 580] isr        1335 0  nil  2  
[2018/09/19 19:38:04 731] isr        1636 ASR_MSG_GRSLT,   cloud  
[2018/09/19 19:38:04 731] isr        1335 0  nil  2  
[2018/09/19 19:38:04 883] isr        1636 ASR_MSG_GRSLT,   cloud  
[2018/09/19 19:38:04 883] isr        1335 0  nil  2  
[2018/09/19 19:38:05 034] isr        1636 ASR_MSG_GRSLT,   cloud  
[2018/09/19 19:38:05 034] isr        1335 0  nil  2  
[2018/09/19 19:38:05 185] isr        1636 ASR_MSG_GRSLT,   cloud  
[2018/09/19 19:38:05 185] isr        1335 0  nil  2  
[2018/09/19 19:38:05 336] isr        1636 ASR_MSG_GRSLT,   cloud  
[2018/09/19 19:38:05 336] isr        1335 0  nil  2  
[2018/09/19 19:38:05 488] isr        1636 ASR_MSG_GRSLT,   cloud  
[2018/09/19 19:38:05 488] isr        1335 0  nil  2  
[2018/09/19 19:38:05 639] isr        1636 ASR_MSG_GRSLT,   cloud  
[2018/09/19 19:38:05 639] isr        1335 0  nil  2  
[2018/09/19 19:38:05 790] isr        1636 ASR_MSG_GRSLT,   cloud  
[2018/09/19 19:38:05 790] isr        1335 0  nil  2  
[2018/09/19 19:38:05 941] isr        1636 ASR_MSG_GRSLT,   cloud  
[2018/09/19 19:38:05 941] isr        1335 0  nil  2  
[2018/09/19 19:38:06 092] isr        1636 ASR_MSG_GRSLT,   cloud  
[2018/09/19 19:38:06 092] isr        1335 0  nil  2  
[2018/09/19 19:38:06 244] isr        1636 ASR_MSG_GRSLT,   cloud  
[2018/09/19 19:38:06 244] isr        1335 0  nil  2  
[2018/09/19 19:38:06 395] isr        1636 ASR_MSG_GRSLT,   cloud  
[2018/09/19 19:38:06 395] isr        1335 0  nil  2  
[2018/09/19 19:38:06 546] isr        1636 ASR_MSG_GRSLT,   cloud  
[2018/09/19 19:38:06 546] isr        1335 0  nil  2  
[2018/09/19 19:38:06 697] isr        1636 ASR_MSG_GRSLT,   cloud  
[2018/09/19 19:38:06 697] isr        1335 0  nil  2  
[2018/09/19 19:38:06 848] isr        1636 ASR_MSG_GRSLT,   cloud  
[2018/09/19 19:38:06 849] isr        1335 0  nil  2  
[2018/09/19 19:38:07 000] isr        1636 ASR_MSG_GRSLT,   cloud  
[2018/09/19 19:38:07 000] isr        1335 0  nil  2  
[2018/09/19 19:38:07 151] isr        1636 ASR_MSG_GRSLT,   cloud  
[2018/09/19 19:38:07 151] isr        1335 0  nil  2  
[2018/09/19 19:38:07 302] isr        1636 ASR_MSG_GRSLT,   cloud  
[2018/09/19 19:38:07 303] isr        1335 0  nil  2  
[2018/09/19 19:38:07 454] isr        1636 ASR_MSG_GRSLT,   cloud  
[2018/09/19 19:38:07 454] isr        1335 0  nil  2  
[2018/09/19 19:38:07 605] isr        1636 ASR_MSG_GRSLT,   cloud  
[2018/09/19 19:38:07 605] isr        1335 0  nil  2  
[2018/09/19 19:38:07 756] isr        1636 ASR_MSG_GRSLT,   cloud  
[2018/09/19 19:38:07 756] isr        1335 0  nil  2  
[2018/09/19 19:38:07 907] isr        1636 ASR_MSG_GRSLT,   cloud  
[2018/09/19 19:38:07 908] isr        1335 0  nil  2  
[2018/09/19 19:38:08 059] isr        1636 ASR_MSG_GRSLT,   cloud  
[2018/09/19 19:38:08 059] isr        1335 0  nil  2  
[2018/09/19 19:38:08 211] isr        1636 ASR_MSG_GRSLT,   cloud  
[2018/09/19 19:38:08 211] isr        1335 0  nil  2  
[2018/09/19 19:38:08 362] isr        1636 ASR_MSG_GRSLT,   cloud  
[2018/09/19 19:38:08 362] isr        1335 0  nil  2  
[2018/09/19 19:38:08 513] isr        1636 ASR_MSG_GRSLT,   cloud  
[2018/09/19 19:38:08 514] isr        1335 0  nil  2  
[2018/09/19 19:38:08 665] isr        1636 ASR_MSG_GRSLT,   cloud  
[2018/09/19 19:38:08 665] isr        1335 0  nil  2  
[2018/09/19 19:38:08 816] isr        1636 ASR_MSG_GRSLT,   cloud  
[2018/09/19 19:38:08 816] isr        1335 0  nil  2  
[2018/09/19 19:38:08 968] isr        1636 ASR_MSG_GRSLT,   cloud  
[2018/09/19 19:38:08 968] isr        1335 0  nil  2  
[2018/09/19 19:38:09 119] isr        1636 ASR_MSG_GRSLT,   cloud  
[2018/09/19 19:38:09 119] isr        1335 0  nil  2  
[2018/09/19 19:38:09 270] isr        1636 ASR_MSG_GRSLT,   cloud  
[2018/09/19 19:38:09 271] isr        1335 0  nil  2  
[2018/09/19 19:38:09 422] isr        1636 ASR_MSG_GRSLT,   cloud  
[2018/09/19 19:38:09 422] isr        1335 0  nil  2  
[2018/09/19 19:38:09 574] isr        1636 ASR_MSG_GRSLT,   cloud  
[2018/09/19 19:38:09 574] isr        1335 0  nil  2  
[2018/09/19 19:38:09 725] isr        1636 ASR_MSG_GRSLT,   cloud  
[2018/09/19 19:38:09 725] isr        1335 0  nil  2  
[2018/09/19 19:38:09 876] isr        1636 ASR_MSG_GRSLT,   cloud  
[2018/09/19 19:38:09 877] isr        1335 0  nil  2  
[2018/09/19 19:38:10 028] isr        1636 ASR_MSG_GRSLT,   cloud  
[2018/09/19 19:38:10 028] isr        1335 0  nil  2  
[2018/09/19 19:38:10 179] isr        1636 ASR_MSG_GRSLT,   cloud  
[2018/09/19 19:38:10 179] isr        1335 0  nil  2  
[2018/09/19 19:38:10 330] isr        1636 ASR_MSG_GRSLT,   cloud  
[2018/09/19 19:38:10 330] isr        1335 0  nil  2  
[2018/09/19 19:38:10 482] isr        1636 ASR_MSG_GRSLT,   cloud  
[2018/09/19 19:38:10 482] isr        1335 0  nil  2  
[2018/09/19 19:38:10 633] isr        1636 ASR_MSG_GRSLT,   cloud  
[2018/09/19 19:38:10 633] isr        1335 0  nil  2  
[2018/09/19 19:38:10 785] isr        1636 ASR_MSG_GRSLT,   cloud  
[2018/09/19 19:38:10 785] isr        1335 0  nil  2  
[2018/09/19 19:38:10 936] isr        1636 ASR_MSG_GRSLT,   cloud  
[2018/09/19 19:38:10 936] isr        1335 0  nil  2  
[2018/09/19 19:38:11 087] isr        1636 ASR_MSG_GRSLT,   cloud  
[2018/09/19 19:38:11 087] isr        1335 0  nil  2  
[2018/09/19 19:38:11 239] isr        1636 ASR_MSG_GRSLT,   cloud  
[2018/09/19 19:38:11 239] isr        1335 0  nil  2  
[2018/09/19 19:38:11 390] isr        1636 ASR_MSG_GRSLT,   cloud  
[2018/09/19 19:38:11 390] isr        1335 0  nil  2  
[2018/09/19 19:38:11 541] isr        1636 ASR_MSG_GRSLT,   cloud  
[2018/09/19 19:38:11 541] isr        1335 0  nil  2  
[2018/09/19 19:38:11 692] isr        1636 ASR_MSG_GRSLT,   cloud  
[2018/09/19 19:38:11 692] isr        1335 0  nil  2  
[2018/09/19 19:38:11 844] isr        1636 ASR_MSG_GRSLT,   cloud  
[2018/09/19 19:38:11 844] isr        1335 0  nil  2  
[2018/09/19 19:38:11 995] isr        1636 ASR_MSG_GRSLT,   cloud  
[2018/09/19 19:38:11 995] isr        1335 0  nil  2  
[2018/09/19 19:38:12 146] isr        1636 ASR_MSG_GRSLT,   cloud  
[2018/09/19 19:38:12 146] isr        1335 0  nil  2  
[2018/09/19 19:38:12 298] isr        1636 ASR_MSG_GRSLT,   cloud  
[2018/09/19 19:38:12 298] isr        1335 0  nil  2  
[2018/09/19 19:38:12 449] isr        1636 ASR_MSG_GRSLT,   cloud  
[2018/09/19 19:38:12 449] isr        1335 0  nil  2  
[2018/09/19 19:38:12 600] isr        1636 ASR_MSG_GRSLT,   cloud  
[2018/09/19 19:38:12 600] isr        1335 0  nil  2  
[2018/09/19 19:38:12 751] isr        1636 ASR_MSG_GRSLT,   cloud  
[2018/09/19 19:38:12 751] isr        1335 0  nil  2  
[2018/09/19 19:38:12 903] isr        1636 ASR_MSG_GRSLT,   cloud  
[2018/09/19 19:38:12 903] isr        1335 0  nil  2  
[2018/09/19 19:38:13 054] isr        1636 ASR_MSG_GRSLT,   cloud  
[2018/09/19 19:38:13 054] isr        1335 0  nil  2  
[2018/09/19 19:38:13 205] isr        1636 ASR_MSG_GRSLT,   cloud  
[2018/09/19 19:38:13 205] isr        1335 0  nil  2  
[2018/09/19 19:38:13 356] isr        1636 ASR_MSG_GRSLT,   cloud  
[2018/09/19 19:38:13 356] isr        1335 0  nil  2  
[2018/09/19 19:38:13 508] isr        1636 ASR_MSG_GRSLT,   cloud  
[2018/09/19 19:38:13 508] isr        1335 0  nil  2  
[2018/09/19 19:38:13 659] isr        1636 ASR_MSG_GRSLT,   cloud  
[2018/09/19 19:38:13 659] isr        1335 0  nil  2  
[2018/09/19 19:38:13 810] isr        1636 ASR_MSG_GRSLT,   cloud  
[2018/09/19 19:38:13 810] isr        1335 0  nil  2  
[2018/09/19 19:38:13 961] isr        1636 ASR_MSG_GRSLT,   cloud  
[2018/09/19 19:38:13 961] isr        1335 0  nil  2  
[2018/09/19 19:38:14 112] isr        1636 ASR_MSG_GRSLT,   cloud  
[2018/09/19 19:38:14 112] isr        1335 0  nil  2  
[2018/09/19 19:38:14 263] isr        1636 ASR_MSG_GRSLT,   cloud  
[2018/09/19 19:38:14 264] isr        1335 0  nil  2  
[2018/09/19 19:38:14 415] isr        1636 ASR_MSG_GRSLT,   cloud  
[2018/09/19 19:38:14 415] isr        1335 0  nil  2  
[2018/09/19 19:38:14 566] isr        1636 ASR_MSG_GRSLT,   cloud  
[2018/09/19 19:38:14 566] isr        1335 0  nil  2  
[2018/09/19 19:38:14 718] isr        1636 ASR_MSG_GRSLT,   cloud  
[2018/09/19 19:38:14 718] isr        1335 0  nil  2  
[2018/09/19 19:38:14 869] isr        1636 ASR_MSG_GRSLT,   cloud  
[2018/09/19 19:38:14 869] isr        1335 0  nil  2  
[2018/09/19 19:38:15 020] isr        1636 ASR_MSG_GRSLT,   cloud  
[2018/09/19 19:38:15 020] isr        1335 0  nil  2  
[2018/09/19 19:38:15 171] isr        1636 ASR_MSG_GRSLT,   cloud  
[2018/09/19 19:38:15 171] isr        1335 0  nil  2  
[2018/09/19 19:38:15 323] isr        1636 ASR_MSG_GRSLT,   cloud  
[2018/09/19 19:38:15 323] isr        1335 0  nil  2  
[2018/09/19 19:38:15 474] isr        1636 ASR_MSG_GRSLT,   cloud  
[2018/09/19 19:38:15 475] isr        1335 0  nil  2  
[2018/09/19 19:38:15 626] isr        1636 ASR_MSG_GRSLT,   cloud  
[2018/09/19 19:38:15 626] isr        1335 0  nil  2  
[2018/09/19 19:38:15 777] isr        1636 ASR_MSG_GRSLT,   cloud  
[2018/09/19 19:38:15 777] isr        1335 0  nil  2  
[2018/09/19 19:38:15 928] isr        1636 ASR_MSG_GRSLT,   cloud  
[2018/09/19 19:38:15 929] isr        1335 0  nil  2  
[2018/09/19 19:38:16 080] isr        1636 ASR_MSG_GRSLT,   cloud  
[2018/09/19 19:38:16 080] isr        1335 0  nil  2  
[2018/09/19 19:38:16 231] isr        1636 ASR_MSG_GRSLT,   cloud  
[2018/09/19 19:38:16 231] isr        1335 0  nil  2  
[2018/09/19 19:38:16 383] isr        1636 ASR_MSG_GRSLT,   cloud  
[2018/09/19 19:38:16 383] isr        1335 0  nil  2  
[2018/09/19 19:38:16 534] isr        1636 ASR_MSG_GRSLT,   cloud  
[2018/09/19 19:38:16 535] isr        1335 0  nil  2  
[2018/09/19 19:38:16 686] isr        1636 ASR_MSG_GRSLT,   cloud  
[2018/09/19 19:38:16 686] isr        1335 0  nil  2  
[2018/09/19 19:38:16 837] isr        1636 ASR_MSG_GRSLT,   cloud  
[2018/09/19 19:38:16 837] isr        1335 0  nil  2  
[2018/09/19 19:38:16 988] isr        1636 ASR_MSG_GRSLT,   cloud  
[2018/09/19 19:38:16 988] isr        1335 0  nil  2  
[2018/09/19 19:38:17 139] isr        1636 ASR_MSG_GRSLT,   cloud  
[2018/09/19 19:38:17 139] isr        1335 0  nil  2  
[2018/09/19 19:38:17 290] isr        1636 ASR_MSG_GRSLT,   cloud  
[2018/09/19 19:38:17 290] isr        1335 0  nil  2  
[2018/09/19 19:38:17 442] isr        1636 ASR_MSG_GRSLT,   cloud  
[2018/09/19 19:38:17 442] isr        1335 0  nil  2  
[2018/09/19 19:38:17 461] isr        1746 !!! timeout without result  
[2018/09/19 19:38:17 593] isr        1636 ASR_MSG_GRSLT,   cloud  
[2018/09/19 19:38:17 593] isr        1335 0  nil  2  
[2018/09/19 19:38:17 744] isr        1636 ASR_MSG_GRSLT,   cloud  
[2018/09/19 19:38:17 744] isr        1335 0  nil  2  
[2018/09/19 19:38:17 895] isr        1636 ASR_MSG_GRSLT,   cloud  
[2018/09/19 19:38:17 895] isr        1335 0  nil  2  
[2018/09/19 19:38:18 046] isr        1636 ASR_MSG_GRSLT,   cloud  
[2018/09/19 19:38:18 046] isr        1335 0  nil  2  
[2018/09/19 19:38:18 197] isr        1636 ASR_MSG_GRSLT,   cloud  
[2018/09/19 19:38:18 197] isr        1335 0  nil  2  
[2018/09/19 19:38:18 348] isr        1636 ASR_MSG_GRSLT,   cloud  
[2018/09/19 19:38:18 348] isr        1335 0  nil  2  
[2018/09/19 19:38:18 500] isr        1636 ASR_MSG_GRSLT,   cloud  
[2018/09/19 19:38:18 500] isr        1335 0  nil  2  
[2018/09/19 19:38:18 651] isr        1636 ASR_MSG_GRSLT,   cloud  
[2018/09/19 19:38:18 651] isr        1335 0  nil  2  
[2018/09/19 19:38:18 802] isr        1636 ASR_MSG_GRSLT,   cloud  
[2018/09/19 19:38:18 802] isr        1335 0  nil  2  
[2018/09/19 19:38:18 953] isr        1636 ASR_MSG_GRSLT,   cloud  
[2018/09/19 19:38:18 953] isr        1335 0  nil  2  
[2018/09/19 19:38:19 104] isr        1636 ASR_MSG_GRSLT,   cloud  
[2018/09/19 19:38:19 104] isr        1335 0  nil  2  
[2018/09/19 19:38:19 256] isr        1636 ASR_MSG_GRSLT,   cloud  
[2018/09/19 19:38:19 256] isr        1335 0  nil  2  
[2018/09/19 19:38:19 407] isr        1636 ASR_MSG_GRSLT,   cloud  
[2018/09/19 19:38:19 407] isr        1335 0  nil  2  
[2018/09/19 19:38:19 558] isr        1636 ASR_MSG_GRSLT,   cloud  
[2018/09/19 19:38:19 558] isr        1335 0  nil  2  
[2018/09/19 19:38:19 709] isr        1636 ASR_MSG_GRSLT,   cloud  
[2018/09/19 19:38:19 709] isr        1335 0  nil  2  
[2018/09/19 19:38:19 860] isr        1636 ASR_MSG_GRSLT,   cloud  
[2018/09/19 19:38:19 860] isr        1335 0  nil  2  
[2018/09/19 19:38:20 011] isr        1636 ASR_MSG_GRSLT,   cloud  
[2018/09/19 19:38:20 011] isr        1335 0  nil  2  
[2018/09/19 19:38:20 162] isr        1636 ASR_MSG_GRSLT,   cloud  
[2018/09/19 19:38:20 162] isr        1335 0  nil  2  
[2018/09/19 19:38:20 314] isr        1636 ASR_MSG_GRSLT,   cloud  
[2018/09/19 19:38:20 314] isr        1335 0  nil  2  
[2018/09/19 19:38:20 465] isr        1636 ASR_MSG_GRSLT,   cloud  
[2018/09/19 19:38:20 465] isr        1335 0  nil  2  
[2018/09/19 19:38:20 616] isr        1636 ASR_MSG_GRSLT,   cloud  
[2018/09/19 19:38:20 616] isr        1335 0  nil  2  
[2018/09/19 19:38:20 767] isr        1636 ASR_MSG_GRSLT,   cloud  
[2018/09/19 19:38:20 767] isr        1335 0  nil  2  
[2018/09/19 19:38:20 918] isr        1636 ASR_MSG_GRSLT,   cloud  
[2018/09/19 19:38:20 918] isr        1335 0  nil  2  
[2018/09/19 19:38:21 069] isr        1636 ASR_MSG_GRSLT,   cloud  
[2018/09/19 19:38:21 069] isr        1335 0  nil  2  
[2018/09/19 19:38:21 220] isr        1636 ASR_MSG_GRSLT,   cloud  
[2018/09/19 19:38:21 220] isr        1335 0  nil  2  
[2018/09/19 19:38:21 371] isr        1636 ASR_MSG_GRSLT,   cloud  
[2018/09/19 19:38:21 372] isr        1335 0  nil  2  
[2018/09/19 19:38:21 522] isr        1636 ASR_MSG_GRSLT,   cloud  
[2018/09/19 19:38:21 523] isr        1335 0  nil  2  
[2018/09/19 19:38:21 673] isr        1636 ASR_MSG_GRSLT,   cloud  
[2018/09/19 19:38:21 673] isr        1335 0  nil  2  
[2018/09/19 19:38:21 824] isr        1636 ASR_MSG_GRSLT,   cloud  
[2018/09/19 19:38:21 824] isr        1335 0  nil  2  
[2018/09/19 19:38:21 975] isr        1636 ASR_MSG_GRSLT,   cloud  
[2018/09/19 19:38:21 975] isr        1335 0  nil  2  
[2018/09/19 19:38:22 126] isr        1636 ASR_MSG_GRSLT,   cloud  
[2018/09/19 19:38:22 126] isr        1335 0  nil  2  
[2018/09/19 19:38:22 277] isr        1636 ASR_MSG_GRSLT,   cloud  
[2018/09/19 19:38:22 277] isr        1335 0  nil  2  
[2018/09/19 19:38:22 429] isr        1636 ASR_MSG_GRSLT,   cloud  
[2018/09/19 19:38:22 429] isr        1335 0  nil  2  
[2018/09/19 19:38:22 580] isr        1636 ASR_MSG_GRSLT,   cloud  
[2018/09/19 19:38:22 580] isr        1335 0  nil  2  
[2018/09/19 19:38:22 731] isr        1636 ASR_MSG_GRSLT,   cloud  
[2018/09/19 19:38:22 731] isr        1335 0  nil  2  
[2018/09/19 19:38:22 739] isr        700  cloud_status_cb, eps:  3  
[2018/09/19 19:38:22 740] isr        798  3  cloud  
[2018/09/19 19:38:22 740] isr        800  already speech end  
[2018/09/19 19:38:22 882] isr        1636 ASR_MSG_GRSLT,   cloud  
[2018/09/19 19:38:22 882] isr        1335 0  nil  2  
[2018/09/19 19:38:23 033] isr        1636 ASR_MSG_GRSLT,   cloud  
[2018/09/19 19:38:23 033] isr        1335 0  nil  2  
[2018/09/19 19:38:23 184] isr        1636 ASR_MSG_GRSLT,   cloud  
[2018/09/19 19:38:23 185] isr        1335 0  nil  2  
[2018/09/19 19:38:23 336] isr        1636 ASR_MSG_GRSLT,   cloud  
[2018/09/19 19:38:23 336] isr        1335 0  nil  2  
[2018/09/19 19:38:23 487] isr        1636 ASR_MSG_GRSLT,   cloud  
[2018/09/19 19:38:23 487] isr        1335 0  nil  2  
[2018/09/19 19:38:23 638] isr        1636 ASR_MSG_GRSLT,   cloud  
[2018/09/19 19:38:23 638] isr        1335 0  nil  2  
[2018/09/19 19:38:23 789] isr        1636 ASR_MSG_GRSLT,   cloud  
[2018/09/19 19:38:23 789] isr        1335 0  nil  2  
[2018/09/19 19:38:23 943] isr        1636 ASR_MSG_GRSLT,   cloud  
[2018/09/19 19:38:23 943] isr        1335 0  nil  2  
[2018/09/19 19:38:24 094] isr        1636 ASR_MSG_GRSLT,   cloud  
[2018/09/19 19:38:24 094] isr        1335 0  nil  2  
[2018/09/19 19:38:24 245] isr        1636 ASR_MSG_GRSLT,   cloud  
[2018/09/19 19:38:24 245] isr        1335 0  nil  2  
[2018/09/19 19:38:24 397] isr        1636 ASR_MSG_GRSLT,   cloud  
[2018/09/19 19:38:24 397] isr        1335 0  nil  2  
[2018/09/19 19:38:24 548] isr        1636 ASR_MSG_GRSLT,   cloud  
[2018/09/19 19:38:24 548] isr        1335 0  nil  2  
[2018/09/19 19:38:24 700] isr        1636 ASR_MSG_GRSLT,   cloud  
[2018/09/19 19:38:24 700] isr        1335 0  nil  2  
[2018/09/19 19:38:24 851] isr        1636 ASR_MSG_GRSLT,   cloud  
[2018/09/19 19:38:24 851] isr        1335 0  nil  2  
[2018/09/19 19:38:25 002] isr        1636 ASR_MSG_GRSLT,   cloud  
[2018/09/19 19:38:25 002] isr        1335 0  nil  2  
[2018/09/19 19:38:25 153] isr        1636 ASR_MSG_GRSLT,   cloud  
[2018/09/19 19:38:25 154] isr        1335 0  nil  2  
[2018/09/19 19:38:25 305] isr        1636 ASR_MSG_GRSLT,   cloud  
[2018/09/19 19:38:25 305] isr        1335 0  nil  2  
[2018/09/19 19:38:25 456] isr        1636 ASR_MSG_GRSLT,   cloud  
[2018/09/19 19:38:25 456] isr        1335 0  nil  2  
[2018/09/19 19:38:25 607] isr        1636 ASR_MSG_GRSLT,   cloud  
[2018/09/19 19:38:25 607] isr        1335 0  nil  2  
[2018/09/19 19:38:25 634] isr        662  cloud_rslt_cb status =   5  
[2018/09/19 19:38:25 635] isr        641  process_result call:  cloud  udata(68036318) 5  nil  
[2018/09/19 19:38:25 635] isr        798  3  msc  
[2018/09/19 19:38:25 635] isr        800  already speech end  
[2018/09/19 19:38:25 758] isr        1636 ASR_MSG_GRSLT,   cloud  
[2018/09/19 19:38:25 758] isr        1335 0  udata(68036318) 5  
[2018/09/19 19:38:25 909] isr        1639 ASR_MSG_SSE,   cloud  
[2018/09/19 19:38:25 909] isr        1356 session_end() [in]  
[2018/09/19 19:38:25 910] isr        1421 cloud_session_end() [in]  
[2018/09/19 19:38:25 912] isr        1488 ns_host=  open.xf-yun.com  
[2018/09/19 19:38:25 913] isr        1498 tick()mod=  30013086  
[2018/09/19 19:38:25 913] isr        1499 tick()=  30013087  
[2018/09/19 19:38:25 913] isr        1501 diff=  21080  
[2018/09/19 19:38:25 914] isr        1514 cloud_session_end() [out]  
[2018/09/19 19:38:25 914] isr        1667 isr unload!  
============================================================
Time  2018/09/19 19:59:10 912 
============================================================
[2018/09/19 19:59:10 912] isr        1659 isr loaded!  
[2018/09/19 19:59:10 912] isr        1642 SYS_MSG_REGCB param0 =   msp_status_cb  param1 =   func(1c02d010) 
[2018/09/19 19:59:10 912] isr        1537 ASR_MSG_SSB  
[2018/09/19 19:59:10 912] isr        1066 session_begin() [in], params:   nlp_version =3.0,trssrc=its,addcap = translate,orilang = en,translang = cn,scene = main,sch=1,sub=iat,domain = iat, language = zh_cn, accent = mandarin,aue = speex-wb;7, sample_rate = 16000, result_type = plain, result_encoding = utf8  nil  
[2018/09/19 19:59:10 912] isr        927  vad_set [in]  
[2018/09/19 19:59:10 912] isr        962  vad_enable :  true  
[2018/09/19 19:59:10 912] isr        980  vad_bos :  10000  
[2018/09/19 19:59:10 913] isr        981  vad_eos :  2000  
[2018/09/19 19:59:10 913] isr        886  enable_vad [in]  
[2018/09/19 19:59:10 913] isr        918  vad enabled!  2000  10000  
[2018/09/19 19:59:10 913] isr        921  enable_vad [out]  
[2018/09/19 19:59:10 913] isr        987  vad_set [out] | ret =  0  
[2018/09/19 19:59:10 913] isr        1187 cur_engine_type =   cloud  
[2018/09/19 19:59:10 913] isr        1001 cloud_session_begin  
[2018/09/19 19:59:10 913] isr        1013 standard  
[2018/09/19 19:59:10 914] isr        1547 ASR_MSG_AUW,   cloud  
[2018/09/19 19:59:10 914] isr        1559 6400  1  
[2018/09/19 19:59:10 914] isr        1569 once_bytes:   6400  
[2018/09/19 19:59:10 916] isr        851  [aud] speech start  
[2018/09/19 19:59:10 916] isr        798  1  msc  
[2018/09/19 19:59:11 115] isr        1547 ASR_MSG_AUW,   cloud  
[2018/09/19 19:59:11 115] isr        1559 6400  2  
[2018/09/19 19:59:11 316] isr        1547 ASR_MSG_AUW,   cloud  
[2018/09/19 19:59:11 316] isr        1559 6400  2  
[2018/09/19 19:59:11 517] isr        1547 ASR_MSG_AUW,   cloud  
[2018/09/19 19:59:11 517] isr        1559 6400  2  
[2018/09/19 19:59:11 717] isr        1547 ASR_MSG_AUW,   cloud  
[2018/09/19 19:59:11 717] isr        1559 6400  2  
[2018/09/19 19:59:11 918] isr        1547 ASR_MSG_AUW,   cloud  
[2018/09/19 19:59:11 918] isr        1559 6400  2  
[2018/09/19 19:59:12 119] isr        1547 ASR_MSG_AUW,   cloud  
[2018/09/19 19:59:12 119] isr        1559 6400  2  
[2018/09/19 19:59:12 320] isr        1547 ASR_MSG_AUW,   cloud  
[2018/09/19 19:59:12 320] isr        1559 6400  2  
[2018/09/19 19:59:12 521] isr        1547 ASR_MSG_AUW,   cloud  
[2018/09/19 19:59:12 521] isr        1559 6400  2  
[2018/09/19 19:59:12 721] isr        1547 ASR_MSG_AUW,   cloud  
[2018/09/19 19:59:12 721] isr        1559 6400  2  
[2018/09/19 19:59:12 922] isr        1547 ASR_MSG_AUW,   cloud  
[2018/09/19 19:59:12 922] isr        1559 6400  2  
[2018/09/19 19:59:13 122] isr        1547 ASR_MSG_AUW,   cloud  
[2018/09/19 19:59:13 123] isr        1559 6400  2  
[2018/09/19 19:59:13 324] isr        1547 ASR_MSG_AUW,   cloud  
[2018/09/19 19:59:13 324] isr        1559 6400  2  
[2018/09/19 19:59:13 524] isr        1547 ASR_MSG_AUW,   cloud  
[2018/09/19 19:59:13 524] isr        1559 6400  2  
[2018/09/19 19:59:13 725] isr        1547 ASR_MSG_AUW,   cloud  
[2018/09/19 19:59:13 725] isr        1559 6400  2  
[2018/09/19 19:59:13 925] isr        1547 ASR_MSG_AUW,   cloud  
[2018/09/19 19:59:13 926] isr        1559 6400  2  
[2018/09/19 19:59:14 126] isr        1547 ASR_MSG_AUW,   cloud  
[2018/09/19 19:59:14 126] isr        1559 6400  2  
[2018/09/19 19:59:14 326] isr        1547 ASR_MSG_AUW,   cloud  
[2018/09/19 19:59:14 326] isr        1559 10222  2  
[2018/09/19 19:59:14 527] isr        1547 ASR_MSG_AUW,   cloud  
[2018/09/19 19:59:14 527] isr        1559 0  4  
[2018/09/19 19:59:14 527] isr        1592 aud end, USER  
[2018/09/19 19:59:14 528] isr        1636 ASR_MSG_GRSLT,   cloud  
[2018/09/19 19:59:14 528] isr        1335 0  nil  2  
[2018/09/19 19:59:14 529] isr        854  [aud] speech end  
[2018/09/19 19:59:14 530] isr        798  3  msc  
[2018/09/19 19:59:14 531] isr        707  cloud_status_cb, start local.  
[2018/09/19 19:59:14 679] isr        1636 ASR_MSG_GRSLT,   cloud  
[2018/09/19 19:59:14 679] isr        1335 0  nil  2  
[2018/09/19 19:59:14 830] isr        1636 ASR_MSG_GRSLT,   cloud  
[2018/09/19 19:59:14 831] isr        1335 0  nil  2  
[2018/09/19 19:59:14 982] isr        1636 ASR_MSG_GRSLT,   cloud  
[2018/09/19 19:59:14 982] isr        1335 0  nil  2  
[2018/09/19 19:59:15 133] isr        1636 ASR_MSG_GRSLT,   cloud  
[2018/09/19 19:59:15 133] isr        1335 0  nil  2  
[2018/09/19 19:59:15 285] isr        1636 ASR_MSG_GRSLT,   cloud  
[2018/09/19 19:59:15 285] isr        1335 0  nil  2  
[2018/09/19 19:59:15 436] isr        1636 ASR_MSG_GRSLT,   cloud  
[2018/09/19 19:59:15 436] isr        1335 0  nil  2  
[2018/09/19 19:59:15 588] isr        1636 ASR_MSG_GRSLT,   cloud  
[2018/09/19 19:59:15 588] isr        1335 0  nil  2  
[2018/09/19 19:59:15 739] isr        1636 ASR_MSG_GRSLT,   cloud  
[2018/09/19 19:59:15 739] isr        1335 0  nil  2  
[2018/09/19 19:59:15 890] isr        1636 ASR_MSG_GRSLT,   cloud  
[2018/09/19 19:59:15 890] isr        1335 0  nil  2  
[2018/09/19 19:59:16 042] isr        1636 ASR_MSG_GRSLT,   cloud  
[2018/09/19 19:59:16 042] isr        1335 0  nil  2  
[2018/09/19 19:59:16 193] isr        1636 ASR_MSG_GRSLT,   cloud  
[2018/09/19 19:59:16 193] isr        1335 0  nil  2  
[2018/09/19 19:59:16 345] isr        1636 ASR_MSG_GRSLT,   cloud  
[2018/09/19 19:59:16 345] isr        1335 0  nil  2  
[2018/09/19 19:59:16 496] isr        1636 ASR_MSG_GRSLT,   cloud  
[2018/09/19 19:59:16 496] isr        1335 0  nil  2  
[2018/09/19 19:59:16 648] isr        1636 ASR_MSG_GRSLT,   cloud  
[2018/09/19 19:59:16 648] isr        1335 0  nil  2  
[2018/09/19 19:59:16 799] isr        1636 ASR_MSG_GRSLT,   cloud  
[2018/09/19 19:59:16 799] isr        1335 0  nil  2  
[2018/09/19 19:59:16 950] isr        1636 ASR_MSG_GRSLT,   cloud  
[2018/09/19 19:59:16 950] isr        1335 0  nil  2  
[2018/09/19 19:59:17 102] isr        1636 ASR_MSG_GRSLT,   cloud  
[2018/09/19 19:59:17 102] isr        1335 0  nil  2  
[2018/09/19 19:59:17 253] isr        1636 ASR_MSG_GRSLT,   cloud  
[2018/09/19 19:59:17 253] isr        1335 0  nil  2  
[2018/09/19 19:59:17 405] isr        1636 ASR_MSG_GRSLT,   cloud  
[2018/09/19 19:59:17 405] isr        1335 0  nil  2  
[2018/09/19 19:59:17 556] isr        1636 ASR_MSG_GRSLT,   cloud  
[2018/09/19 19:59:17 556] isr        1335 0  nil  2  
[2018/09/19 19:59:17 708] isr        1636 ASR_MSG_GRSLT,   cloud  
[2018/09/19 19:59:17 708] isr        1335 0  nil  2  
[2018/09/19 19:59:17 859] isr        1636 ASR_MSG_GRSLT,   cloud  
[2018/09/19 19:59:17 859] isr        1335 0  nil  2  
[2018/09/19 19:59:18 011] isr        1636 ASR_MSG_GRSLT,   cloud  
[2018/09/19 19:59:18 011] isr        1335 0  nil  2  
[2018/09/19 19:59:18 162] isr        1636 ASR_MSG_GRSLT,   cloud  
[2018/09/19 19:59:18 162] isr        1335 0  nil  2  
[2018/09/19 19:59:18 314] isr        1636 ASR_MSG_GRSLT,   cloud  
[2018/09/19 19:59:18 314] isr        1335 0  nil  2  
[2018/09/19 19:59:18 465] isr        1636 ASR_MSG_GRSLT,   cloud  
[2018/09/19 19:59:18 465] isr        1335 0  nil  2  
[2018/09/19 19:59:18 616] isr        1636 ASR_MSG_GRSLT,   cloud  
[2018/09/19 19:59:18 617] isr        1335 0  nil  2  
[2018/09/19 19:59:18 768] isr        1636 ASR_MSG_GRSLT,   cloud  
[2018/09/19 19:59:18 768] isr        1335 0  nil  2  
[2018/09/19 19:59:18 919] isr        1636 ASR_MSG_GRSLT,   cloud  
[2018/09/19 19:59:18 919] isr        1335 0  nil  2  
[2018/09/19 19:59:19 071] isr        1636 ASR_MSG_GRSLT,   cloud  
[2018/09/19 19:59:19 071] isr        1335 0  nil  2  
[2018/09/19 19:59:19 222] isr        1636 ASR_MSG_GRSLT,   cloud  
[2018/09/19 19:59:19 222] isr        1335 0  nil  2  
[2018/09/19 19:59:19 373] isr        1636 ASR_MSG_GRSLT,   cloud  
[2018/09/19 19:59:19 373] isr        1335 0  nil  2  
[2018/09/19 19:59:19 525] isr        1636 ASR_MSG_GRSLT,   cloud  
[2018/09/19 19:59:19 525] isr        1335 0  nil  2  
[2018/09/19 19:59:19 676] isr        1636 ASR_MSG_GRSLT,   cloud  
[2018/09/19 19:59:19 676] isr        1335 0  nil  2  
[2018/09/19 19:59:19 827] isr        1636 ASR_MSG_GRSLT,   cloud  
[2018/09/19 19:59:19 828] isr        1335 0  nil  2  
[2018/09/19 19:59:19 979] isr        1636 ASR_MSG_GRSLT,   cloud  
[2018/09/19 19:59:19 979] isr        1335 0  nil  2  
[2018/09/19 19:59:20 130] isr        1636 ASR_MSG_GRSLT,   cloud  
[2018/09/19 19:59:20 130] isr        1335 0  nil  2  
[2018/09/19 19:59:20 282] isr        1636 ASR_MSG_GRSLT,   cloud  
[2018/09/19 19:59:20 282] isr        1335 0  nil  2  
[2018/09/19 19:59:20 433] isr        1636 ASR_MSG_GRSLT,   cloud  
[2018/09/19 19:59:20 433] isr        1335 0  nil  2  
[2018/09/19 19:59:20 584] isr        1636 ASR_MSG_GRSLT,   cloud  
[2018/09/19 19:59:20 584] isr        1335 0  nil  2  
[2018/09/19 19:59:20 736] isr        1636 ASR_MSG_GRSLT,   cloud  
[2018/09/19 19:59:20 736] isr        1335 0  nil  2  
[2018/09/19 19:59:20 888] isr        1636 ASR_MSG_GRSLT,   cloud  
[2018/09/19 19:59:20 888] isr        1335 0  nil  2  
[2018/09/19 19:59:21 040] isr        1636 ASR_MSG_GRSLT,   cloud  
[2018/09/19 19:59:21 040] isr        1335 0  nil  2  
[2018/09/19 19:59:21 191] isr        1636 ASR_MSG_GRSLT,   cloud  
[2018/09/19 19:59:21 191] isr        1335 0  nil  2  
[2018/09/19 19:59:21 343] isr        1636 ASR_MSG_GRSLT,   cloud  
[2018/09/19 19:59:21 343] isr        1335 0  nil  2  
[2018/09/19 19:59:21 494] isr        1636 ASR_MSG_GRSLT,   cloud  
[2018/09/19 19:59:21 494] isr        1335 0  nil  2  
[2018/09/19 19:59:21 645] isr        1636 ASR_MSG_GRSLT,   cloud  
[2018/09/19 19:59:21 645] isr        1335 0  nil  2  
[2018/09/19 19:59:21 797] isr        1636 ASR_MSG_GRSLT,   cloud  
[2018/09/19 19:59:21 797] isr        1335 0  nil  2  
[2018/09/19 19:59:21 948] isr        1636 ASR_MSG_GRSLT,   cloud  
[2018/09/19 19:59:21 948] isr        1335 0  nil  2  
[2018/09/19 19:59:22 099] isr        1636 ASR_MSG_GRSLT,   cloud  
[2018/09/19 19:59:22 100] isr        1335 0  nil  2  
[2018/09/19 19:59:22 251] isr        1636 ASR_MSG_GRSLT,   cloud  
[2018/09/19 19:59:22 251] isr        1335 0  nil  2  
[2018/09/19 19:59:22 402] isr        1636 ASR_MSG_GRSLT,   cloud  
[2018/09/19 19:59:22 402] isr        1335 0  nil  2  
[2018/09/19 19:59:22 553] isr        1636 ASR_MSG_GRSLT,   cloud  
[2018/09/19 19:59:22 554] isr        1335 0  nil  2  
[2018/09/19 19:59:22 705] isr        1636 ASR_MSG_GRSLT,   cloud  
[2018/09/19 19:59:22 705] isr        1335 0  nil  2  
[2018/09/19 19:59:22 856] isr        1636 ASR_MSG_GRSLT,   cloud  
[2018/09/19 19:59:22 856] isr        1335 0  nil  2  
[2018/09/19 19:59:23 006] isr        1636 ASR_MSG_GRSLT,   cloud  
[2018/09/19 19:59:23 006] isr        1335 0  nil  2  
[2018/09/19 19:59:23 158] isr        1636 ASR_MSG_GRSLT,   cloud  
[2018/09/19 19:59:23 158] isr        1335 0  nil  2  
[2018/09/19 19:59:23 309] isr        1636 ASR_MSG_GRSLT,   cloud  
[2018/09/19 19:59:23 309] isr        1335 0  nil  2  
[2018/09/19 19:59:23 461] isr        1636 ASR_MSG_GRSLT,   cloud  
[2018/09/19 19:59:23 461] isr        1335 0  nil  2  
[2018/09/19 19:59:23 612] isr        1636 ASR_MSG_GRSLT,   cloud  
[2018/09/19 19:59:23 612] isr        1335 0  nil  2  
[2018/09/19 19:59:23 764] isr        1636 ASR_MSG_GRSLT,   cloud  
[2018/09/19 19:59:23 764] isr        1335 0  nil  2  
[2018/09/19 19:59:23 915] isr        1636 ASR_MSG_GRSLT,   cloud  
[2018/09/19 19:59:23 915] isr        1335 0  nil  2  
[2018/09/19 19:59:24 066] isr        1636 ASR_MSG_GRSLT,   cloud  
[2018/09/19 19:59:24 067] isr        1335 0  nil  2  
[2018/09/19 19:59:24 218] isr        1636 ASR_MSG_GRSLT,   cloud  
[2018/09/19 19:59:24 218] isr        1335 0  nil  2  
[2018/09/19 19:59:24 370] isr        1636 ASR_MSG_GRSLT,   cloud  
[2018/09/19 19:59:24 370] isr        1335 0  nil  2  
[2018/09/19 19:59:24 521] isr        1636 ASR_MSG_GRSLT,   cloud  
[2018/09/19 19:59:24 521] isr        1335 0  nil  2  
[2018/09/19 19:59:24 673] isr        1636 ASR_MSG_GRSLT,   cloud  
[2018/09/19 19:59:24 673] isr        1335 0  nil  2  
[2018/09/19 19:59:24 824] isr        1636 ASR_MSG_GRSLT,   cloud  
[2018/09/19 19:59:24 824] isr        1335 0  nil  2  
[2018/09/19 19:59:24 976] isr        1636 ASR_MSG_GRSLT,   cloud  
[2018/09/19 19:59:24 976] isr        1335 0  nil  2  
[2018/09/19 19:59:25 127] isr        1636 ASR_MSG_GRSLT,   cloud  
[2018/09/19 19:59:25 127] isr        1335 0  nil  2  
[2018/09/19 19:59:25 279] isr        1636 ASR_MSG_GRSLT,   cloud  
[2018/09/19 19:59:25 279] isr        1335 0  nil  2  
[2018/09/19 19:59:25 430] isr        1636 ASR_MSG_GRSLT,   cloud  
[2018/09/19 19:59:25 430] isr        1335 0  nil  2  
[2018/09/19 19:59:25 582] isr        1636 ASR_MSG_GRSLT,   cloud  
[2018/09/19 19:59:25 582] isr        1335 0  nil  2  
[2018/09/19 19:59:25 733] isr        1636 ASR_MSG_GRSLT,   cloud  
[2018/09/19 19:59:25 734] isr        1335 0  nil  2  
[2018/09/19 19:59:25 885] isr        1636 ASR_MSG_GRSLT,   cloud  
[2018/09/19 19:59:25 885] isr        1335 0  nil  2  
[2018/09/19 19:59:26 036] isr        1636 ASR_MSG_GRSLT,   cloud  
[2018/09/19 19:59:26 036] isr        1335 0  nil  2  
[2018/09/19 19:59:26 188] isr        1636 ASR_MSG_GRSLT,   cloud  
[2018/09/19 19:59:26 188] isr        1335 0  nil  2  
[2018/09/19 19:59:26 339] isr        1636 ASR_MSG_GRSLT,   cloud  
[2018/09/19 19:59:26 339] isr        1335 0  nil  2  
[2018/09/19 19:59:26 491] isr        1636 ASR_MSG_GRSLT,   cloud  
[2018/09/19 19:59:26 491] isr        1335 0  nil  2  
[2018/09/19 19:59:26 642] isr        1636 ASR_MSG_GRSLT,   cloud  
[2018/09/19 19:59:26 642] isr        1335 0  nil  2  
[2018/09/19 19:59:26 794] isr        1636 ASR_MSG_GRSLT,   cloud  
[2018/09/19 19:59:26 794] isr        1335 0  nil  2  
[2018/09/19 19:59:26 944] isr        1636 ASR_MSG_GRSLT,   cloud  
[2018/09/19 19:59:26 944] isr        1335 0  nil  2  
[2018/09/19 19:59:27 095] isr        1636 ASR_MSG_GRSLT,   cloud  
[2018/09/19 19:59:27 095] isr        1335 0  nil  2  
[2018/09/19 19:59:27 247] isr        1636 ASR_MSG_GRSLT,   cloud  
[2018/09/19 19:59:27 247] isr        1335 0  nil  2  
[2018/09/19 19:59:27 398] isr        1636 ASR_MSG_GRSLT,   cloud  
[2018/09/19 19:59:27 398] isr        1335 0  nil  2  
[2018/09/19 19:59:27 550] isr        1636 ASR_MSG_GRSLT,   cloud  
[2018/09/19 19:59:27 550] isr        1335 0  nil  2  
[2018/09/19 19:59:27 701] isr        1636 ASR_MSG_GRSLT,   cloud  
[2018/09/19 19:59:27 702] isr        1335 0  nil  2  
[2018/09/19 19:59:27 853] isr        1636 ASR_MSG_GRSLT,   cloud  
[2018/09/19 19:59:27 853] isr        1335 0  nil  2  
[2018/09/19 19:59:28 005] isr        1636 ASR_MSG_GRSLT,   cloud  
[2018/09/19 19:59:28 005] isr        1335 0  nil  2  
[2018/09/19 19:59:28 156] isr        1636 ASR_MSG_GRSLT,   cloud  
[2018/09/19 19:59:28 156] isr        1335 0  nil  2  
[2018/09/19 19:59:28 308] isr        1636 ASR_MSG_GRSLT,   cloud  
[2018/09/19 19:59:28 308] isr        1335 0  nil  2  
[2018/09/19 19:59:28 459] isr        1636 ASR_MSG_GRSLT,   cloud  
[2018/09/19 19:59:28 459] isr        1335 0  nil  2  
[2018/09/19 19:59:28 611] isr        1636 ASR_MSG_GRSLT,   cloud  
[2018/09/19 19:59:28 611] isr        1335 0  nil  2  
[2018/09/19 19:59:28 762] isr        1636 ASR_MSG_GRSLT,   cloud  
[2018/09/19 19:59:28 762] isr        1335 0  nil  2  
[2018/09/19 19:59:28 914] isr        1636 ASR_MSG_GRSLT,   cloud  
[2018/09/19 19:59:28 914] isr        1335 0  nil  2  
[2018/09/19 19:59:29 065] isr        1636 ASR_MSG_GRSLT,   cloud  
[2018/09/19 19:59:29 065] isr        1335 0  nil  2  
[2018/09/19 19:59:29 216] isr        1636 ASR_MSG_GRSLT,   cloud  
[2018/09/19 19:59:29 217] isr        1335 0  nil  2  
[2018/09/19 19:59:29 368] isr        1636 ASR_MSG_GRSLT,   cloud  
[2018/09/19 19:59:29 368] isr        1335 0  nil  2  
[2018/09/19 19:59:29 519] isr        1636 ASR_MSG_GRSLT,   cloud  
[2018/09/19 19:59:29 520] isr        1335 0  nil  2  
[2018/09/19 19:59:29 529] isr        1746 !!! timeout without result  
[2018/09/19 19:59:29 671] isr        1636 ASR_MSG_GRSLT,   cloud  
[2018/09/19 19:59:29 671] isr        1335 0  nil  2  
[2018/09/19 19:59:29 822] isr        1636 ASR_MSG_GRSLT,   cloud  
[2018/09/19 19:59:29 823] isr        1335 0  nil  2  
[2018/09/19 19:59:29 974] isr        1636 ASR_MSG_GRSLT,   cloud  
[2018/09/19 19:59:29 974] isr        1335 0  nil  2  
[2018/09/19 19:59:30 125] isr        1636 ASR_MSG_GRSLT,   cloud  
[2018/09/19 19:59:30 125] isr        1335 0  nil  2  
[2018/09/19 19:59:30 276] isr        1636 ASR_MSG_GRSLT,   cloud  
[2018/09/19 19:59:30 276] isr        1335 0  nil  2  
[2018/09/19 19:59:30 428] isr        1636 ASR_MSG_GRSLT,   cloud  
[2018/09/19 19:59:30 428] isr        1335 0  nil  2  
[2018/09/19 19:59:30 579] isr        1636 ASR_MSG_GRSLT,   cloud  
[2018/09/19 19:59:30 579] isr        1335 0  nil  2  
[2018/09/19 19:59:30 730] isr        1636 ASR_MSG_GRSLT,   cloud  
[2018/09/19 19:59:30 730] isr        1335 0  nil  2  
[2018/09/19 19:59:30 881] isr        1636 ASR_MSG_GRSLT,   cloud  
[2018/09/19 19:59:30 881] isr        1335 0  nil  2  
[2018/09/19 19:59:31 033] isr        1636 ASR_MSG_GRSLT,   cloud  
[2018/09/19 19:59:31 033] isr        1335 0  nil  2  
[2018/09/19 19:59:31 184] isr        1636 ASR_MSG_GRSLT,   cloud  
[2018/09/19 19:59:31 184] isr        1335 0  nil  2  
[2018/09/19 19:59:31 335] isr        1636 ASR_MSG_GRSLT,   cloud  
[2018/09/19 19:59:31 335] isr        1335 0  nil  2  
[2018/09/19 19:59:31 486] isr        1636 ASR_MSG_GRSLT,   cloud  
[2018/09/19 19:59:31 486] isr        1335 0  nil  2  
[2018/09/19 19:59:31 637] isr        1636 ASR_MSG_GRSLT,   cloud  
[2018/09/19 19:59:31 638] isr        1335 0  nil  2  
[2018/09/19 19:59:31 789] isr        1636 ASR_MSG_GRSLT,   cloud  
[2018/09/19 19:59:31 789] isr        1335 0  nil  2  
[2018/09/19 19:59:31 940] isr        1636 ASR_MSG_GRSLT,   cloud  
[2018/09/19 19:59:31 940] isr        1335 0  nil  2  
[2018/09/19 19:59:32 091] isr        1636 ASR_MSG_GRSLT,   cloud  
[2018/09/19 19:59:32 091] isr        1335 0  nil  2  
[2018/09/19 19:59:32 243] isr        1636 ASR_MSG_GRSLT,   cloud  
[2018/09/19 19:59:32 243] isr        1335 0  nil  2  
[2018/09/19 19:59:32 394] isr        1636 ASR_MSG_GRSLT,   cloud  
[2018/09/19 19:59:32 394] isr        1335 0  nil  2  
[2018/09/19 19:59:32 545] isr        1636 ASR_MSG_GRSLT,   cloud  
[2018/09/19 19:59:32 545] isr        1335 0  nil  2  
[2018/09/19 19:59:32 697] isr        1636 ASR_MSG_GRSLT,   cloud  
[2018/09/19 19:59:32 697] isr        1335 0  nil  2  
[2018/09/19 19:59:32 848] isr        1636 ASR_MSG_GRSLT,   cloud  
[2018/09/19 19:59:32 848] isr        1335 0  nil  2  
[2018/09/19 19:59:32 999] isr        1636 ASR_MSG_GRSLT,   cloud  
[2018/09/19 19:59:32 999] isr        1335 0  nil  2  
[2018/09/19 19:59:33 151] isr        1636 ASR_MSG_GRSLT,   cloud  
[2018/09/19 19:59:33 151] isr        1335 0  nil  2  
[2018/09/19 19:59:33 302] isr        1636 ASR_MSG_GRSLT,   cloud  
[2018/09/19 19:59:33 302] isr        1335 0  nil  2  
[2018/09/19 19:59:33 454] isr        1636 ASR_MSG_GRSLT,   cloud  
[2018/09/19 19:59:33 454] isr        1335 0  nil  2  
[2018/09/19 19:59:33 605] isr        1636 ASR_MSG_GRSLT,   cloud  
[2018/09/19 19:59:33 605] isr        1335 0  nil  2  
[2018/09/19 19:59:33 757] isr        1636 ASR_MSG_GRSLT,   cloud  
[2018/09/19 19:59:33 757] isr        1335 0  nil  2  
[2018/09/19 19:59:33 908] isr        1636 ASR_MSG_GRSLT,   cloud  
[2018/09/19 19:59:33 908] isr        1335 0  nil  2  
[2018/09/19 19:59:34 060] isr        1636 ASR_MSG_GRSLT,   cloud  
[2018/09/19 19:59:34 060] isr        1335 0  nil  2  
[2018/09/19 19:59:34 211] isr        1636 ASR_MSG_GRSLT,   cloud  
[2018/09/19 19:59:34 211] isr        1335 0  nil  2  
[2018/09/19 19:59:34 362] isr        1636 ASR_MSG_GRSLT,   cloud  
[2018/09/19 19:59:34 362] isr        1335 0  nil  2  
[2018/09/19 19:59:34 514] isr        1636 ASR_MSG_GRSLT,   cloud  
[2018/09/19 19:59:34 514] isr        1335 0  nil  2  
[2018/09/19 19:59:34 665] isr        1636 ASR_MSG_GRSLT,   cloud  
[2018/09/19 19:59:34 665] isr        1335 0  nil  2  
[2018/09/19 19:59:34 817] isr        1636 ASR_MSG_GRSLT,   cloud  
[2018/09/19 19:59:34 817] isr        1335 0  nil  2  
[2018/09/19 19:59:34 968] isr        1636 ASR_MSG_GRSLT,   cloud  
[2018/09/19 19:59:34 968] isr        1335 0  nil  2  
[2018/09/19 19:59:35 120] isr        1636 ASR_MSG_GRSLT,   cloud  
[2018/09/19 19:59:35 120] isr        1335 0  nil  2  
[2018/09/19 19:59:35 271] isr        1636 ASR_MSG_GRSLT,   cloud  
[2018/09/19 19:59:35 271] isr        1335 0  nil  2  
[2018/09/19 19:59:35 422] isr        1636 ASR_MSG_GRSLT,   cloud  
[2018/09/19 19:59:35 423] isr        1335 0  nil  2  
[2018/09/19 19:59:35 574] isr        1636 ASR_MSG_GRSLT,   cloud  
[2018/09/19 19:59:35 574] isr        1335 0  nil  2  
[2018/09/19 19:59:35 725] isr        1636 ASR_MSG_GRSLT,   cloud  
[2018/09/19 19:59:35 725] isr        1335 0  nil  2  
[2018/09/19 19:59:35 877] isr        1636 ASR_MSG_GRSLT,   cloud  
[2018/09/19 19:59:35 877] isr        1335 0  nil  2  
[2018/09/19 19:59:36 028] isr        1636 ASR_MSG_GRSLT,   cloud  
[2018/09/19 19:59:36 028] isr        1335 0  nil  2  
[2018/09/19 19:59:36 180] isr        1636 ASR_MSG_GRSLT,   cloud  
[2018/09/19 19:59:36 180] isr        1335 0  nil  2  
[2018/09/19 19:59:36 331] isr        1636 ASR_MSG_GRSLT,   cloud  
[2018/09/19 19:59:36 331] isr        1335 0  nil  2  
[2018/09/19 19:59:36 483] isr        1636 ASR_MSG_GRSLT,   cloud  
[2018/09/19 19:59:36 483] isr        1335 0  nil  2  
[2018/09/19 19:59:36 634] isr        1636 ASR_MSG_GRSLT,   cloud  
[2018/09/19 19:59:36 634] isr        1335 0  nil  2  
[2018/09/19 19:59:36 786] isr        1636 ASR_MSG_GRSLT,   cloud  
[2018/09/19 19:59:36 786] isr        1335 0  nil  2  
[2018/09/19 19:59:36 937] isr        1636 ASR_MSG_GRSLT,   cloud  
[2018/09/19 19:59:36 937] isr        1335 0  nil  2  
[2018/09/19 19:59:37 089] isr        1636 ASR_MSG_GRSLT,   cloud  
[2018/09/19 19:59:37 089] isr        1335 0  nil  2  
[2018/09/19 19:59:37 240] isr        1636 ASR_MSG_GRSLT,   cloud  
[2018/09/19 19:59:37 240] isr        1335 0  nil  2  
[2018/09/19 19:59:37 392] isr        1636 ASR_MSG_GRSLT,   cloud  
[2018/09/19 19:59:37 392] isr        1335 0  nil  2  
[2018/09/19 19:59:37 543] isr        1636 ASR_MSG_GRSLT,   cloud  
[2018/09/19 19:59:37 543] isr        1335 0  nil  2  
[2018/09/19 19:59:37 695] isr        1636 ASR_MSG_GRSLT,   cloud  
[2018/09/19 19:59:37 695] isr        1335 0  nil  2  
[2018/09/19 19:59:37 846] isr        1636 ASR_MSG_GRSLT,   cloud  
[2018/09/19 19:59:37 846] isr        1335 0  nil  2  
[2018/09/19 19:59:37 998] isr        1636 ASR_MSG_GRSLT,   cloud  
[2018/09/19 19:59:37 998] isr        1335 0  nil  2  
[2018/09/19 19:59:38 149] isr        1636 ASR_MSG_GRSLT,   cloud  
[2018/09/19 19:59:38 149] isr        1335 0  nil  2  
[2018/09/19 19:59:38 300] isr        1636 ASR_MSG_GRSLT,   cloud  
[2018/09/19 19:59:38 300] isr        1335 0  nil  2  
[2018/09/19 19:59:38 452] isr        1636 ASR_MSG_GRSLT,   cloud  
[2018/09/19 19:59:38 452] isr        1335 0  nil  2  
[2018/09/19 19:59:38 603] isr        1636 ASR_MSG_GRSLT,   cloud  
[2018/09/19 19:59:38 603] isr        1335 0  nil  2  
[2018/09/19 19:59:38 754] isr        1636 ASR_MSG_GRSLT,   cloud  
[2018/09/19 19:59:38 755] isr        1335 0  nil  2  
[2018/09/19 19:59:38 906] isr        1636 ASR_MSG_GRSLT,   cloud  
[2018/09/19 19:59:38 906] isr        1335 0  nil  2  
[2018/09/19 19:59:39 057] isr        1636 ASR_MSG_GRSLT,   cloud  
[2018/09/19 19:59:39 057] isr        1335 0  nil  2  
[2018/09/19 19:59:39 209] isr        1636 ASR_MSG_GRSLT,   cloud  
[2018/09/19 19:59:39 209] isr        1335 0  nil  2  
[2018/09/19 19:59:39 360] isr        1636 ASR_MSG_GRSLT,   cloud  
[2018/09/19 19:59:39 360] isr        1335 0  nil  2  
[2018/09/19 19:59:39 512] isr        1636 ASR_MSG_GRSLT,   cloud  
[2018/09/19 19:59:39 512] isr        1335 0  nil  2  
[2018/09/19 19:59:39 531] isr        1764 !!! isr session timeout  
[2018/09/19 19:59:39 532] isr        691  cloud_err_cb errorcode =   10114  detail =   MSC:session timeout!  
[2018/09/19 19:59:39 536] isr        691  cloud_err_cb errorcode =   10114  detail =   MSC:session timeout!  
[2018/09/19 19:59:39 663] isr        1636 ASR_MSG_GRSLT,   cloud  
[2018/09/19 19:59:39 663] isr        1335 10114  nil  2  
[2018/09/19 19:59:39 664] isr        1639 ASR_MSG_SSE,   cloud  
[2018/09/19 19:59:39 665] isr        1356 session_end() [in]  
[2018/09/19 19:59:39 665] isr        1421 cloud_session_end() [in]  
[2018/09/19 19:59:39 667] isr        1488 ns_host=  open.xf-yun.com  
[2018/09/19 19:59:39 668] isr        1498 tick()mod=  31286841  
[2018/09/19 19:59:39 668] isr        1499 tick()=  31286841  
[2018/09/19 19:59:39 669] isr        1501 diff=  27635  
[2018/09/19 19:59:39 669] isr        1514 cloud_session_end() [out]  
[2018/09/19 19:59:39 670] isr        1667 isr unload!  
============================================================
Time  2018/09/19 20:00:01 387 
============================================================
[2018/09/19 20:00:01 387] isr        1659 isr loaded!  
[2018/09/19 20:00:01 387] isr        1642 SYS_MSG_REGCB param0 =   msp_status_cb  param1 =   func(7c02d010) 
[2018/09/19 20:00:01 387] isr        1537 ASR_MSG_SSB  
[2018/09/19 20:00:01 387] isr        1066 session_begin() [in], params:   nlp_version =3.0,trssrc=its,addcap = translate,orilang = en,translang = cn,scene = main,sch=1,sub=iat,domain = iat, language = zh_cn, accent = mandarin,aue = speex-wb;7, sample_rate = 16000, result_type = plain, result_encoding = utf8  nil  
[2018/09/19 20:00:01 387] isr        927  vad_set [in]  
[2018/09/19 20:00:01 387] isr        962  vad_enable :  true  
[2018/09/19 20:00:01 387] isr        980  vad_bos :  10000  
[2018/09/19 20:00:01 387] isr        981  vad_eos :  2000  
[2018/09/19 20:00:01 387] isr        886  enable_vad [in]  
[2018/09/19 20:00:01 388] isr        918  vad enabled!  2000  10000  
[2018/09/19 20:00:01 388] isr        921  enable_vad [out]  
[2018/09/19 20:00:01 388] isr        987  vad_set [out] | ret =  0  
[2018/09/19 20:00:01 388] isr        1187 cur_engine_type =   cloud  
[2018/09/19 20:00:01 388] isr        1001 cloud_session_begin  
[2018/09/19 20:00:01 388] isr        1013 standard  
[2018/09/19 20:00:01 389] isr        1547 ASR_MSG_AUW,   cloud  
[2018/09/19 20:00:01 389] isr        1559 6400  1  
[2018/09/19 20:00:01 389] isr        1569 once_bytes:   6400  
[2018/09/19 20:00:01 391] isr        851  [aud] speech start  
[2018/09/19 20:00:01 391] isr        798  1  msc  
[2018/09/19 20:00:01 590] isr        1547 ASR_MSG_AUW,   cloud  
[2018/09/19 20:00:01 590] isr        1559 6400  2  
[2018/09/19 20:00:01 791] isr        1547 ASR_MSG_AUW,   cloud  
[2018/09/19 20:00:01 791] isr        1559 6400  2  
[2018/09/19 20:00:01 992] isr        1547 ASR_MSG_AUW,   cloud  
[2018/09/19 20:00:01 992] isr        1559 6400  2  
[2018/09/19 20:00:02 193] isr        1547 ASR_MSG_AUW,   cloud  
[2018/09/19 20:00:02 193] isr        1559 6400  2  
[2018/09/19 20:00:02 393] isr        1547 ASR_MSG_AUW,   cloud  
[2018/09/19 20:00:02 393] isr        1559 6400  2  
[2018/09/19 20:00:02 594] isr        1547 ASR_MSG_AUW,   cloud  
[2018/09/19 20:00:02 595] isr        1559 6400  2  
[2018/09/19 20:00:02 795] isr        1547 ASR_MSG_AUW,   cloud  
[2018/09/19 20:00:02 795] isr        1559 6400  2  
[2018/09/19 20:00:02 996] isr        1547 ASR_MSG_AUW,   cloud  
[2018/09/19 20:00:02 996] isr        1559 6400  2  
[2018/09/19 20:00:03 186] isr        700  cloud_status_cb, eps:  1  
[2018/09/19 20:00:03 186] isr        798  1  cloud  
[2018/09/19 20:00:03 186] isr        813  cloud eps ignored  
[2018/09/19 20:00:03 197] isr        1547 ASR_MSG_AUW,   cloud  
[2018/09/19 20:00:03 197] isr        1559 6400  2  
[2018/09/19 20:00:03 397] isr        1547 ASR_MSG_AUW,   cloud  
[2018/09/19 20:00:03 397] isr        1559 6400  2  
[2018/09/19 20:00:03 598] isr        1547 ASR_MSG_AUW,   cloud  
[2018/09/19 20:00:03 598] isr        1559 6400  2  
[2018/09/19 20:00:03 798] isr        1547 ASR_MSG_AUW,   cloud  
[2018/09/19 20:00:03 799] isr        1559 6400  2  
[2018/09/19 20:00:03 999] isr        1547 ASR_MSG_AUW,   cloud  
[2018/09/19 20:00:03 999] isr        1559 6400  2  
[2018/09/19 20:00:04 200] isr        1547 ASR_MSG_AUW,   cloud  
[2018/09/19 20:00:04 200] isr        1559 6400  2  
[2018/09/19 20:00:04 400] isr        1547 ASR_MSG_AUW,   cloud  
[2018/09/19 20:00:04 400] isr        1559 6400  2  
[2018/09/19 20:00:04 601] isr        1547 ASR_MSG_AUW,   cloud  
[2018/09/19 20:00:04 601] isr        1559 6400  2  
[2018/09/19 20:00:04 802] isr        1547 ASR_MSG_AUW,   cloud  
[2018/09/19 20:00:04 803] isr        1559 10222  2  
[2018/09/19 20:00:05 004] isr        1547 ASR_MSG_AUW,   cloud  
[2018/09/19 20:00:05 004] isr        1559 0  4  
[2018/09/19 20:00:05 004] isr        1592 aud end, USER  
[2018/09/19 20:00:05 005] isr        854  [aud] speech end  
[2018/09/19 20:00:05 006] isr        798  3  msc  
[2018/09/19 20:00:05 006] isr        1636 ASR_MSG_GRSLT,   cloud  
[2018/09/19 20:00:05 007] isr        1335 0  nil  2  
[2018/09/19 20:00:05 157] isr        1636 ASR_MSG_GRSLT,   cloud  
[2018/09/19 20:00:05 157] isr        1335 0  nil  2  
[2018/09/19 20:00:05 309] isr        1636 ASR_MSG_GRSLT,   cloud  
[2018/09/19 20:00:05 309] isr        1335 0  nil  2  
[2018/09/19 20:00:05 460] isr        1636 ASR_MSG_GRSLT,   cloud  
[2018/09/19 20:00:05 460] isr        1335 0  nil  2  
[2018/09/19 20:00:05 611] isr        1636 ASR_MSG_GRSLT,   cloud  
[2018/09/19 20:00:05 611] isr        1335 0  nil  2  
[2018/09/19 20:00:05 762] isr        1636 ASR_MSG_GRSLT,   cloud  
[2018/09/19 20:00:05 762] isr        1335 0  nil  2  
[2018/09/19 20:00:05 914] isr        1636 ASR_MSG_GRSLT,   cloud  
[2018/09/19 20:00:05 914] isr        1335 0  nil  2  
[2018/09/19 20:00:06 050] isr        700  cloud_status_cb, eps:  3  
[2018/09/19 20:00:06 050] isr        798  3  cloud  
[2018/09/19 20:00:06 051] isr        800  already speech end  
[2018/09/19 20:00:06 055] isr        662  cloud_rslt_cb status =   5  
[2018/09/19 20:00:06 055] isr        641  process_result call:  cloud  udata(7c039518) 5  nil  
[2018/09/19 20:00:06 055] isr        798  3  msc  
[2018/09/19 20:00:06 055] isr        800  already speech end  
[2018/09/19 20:00:06 065] isr        1636 ASR_MSG_GRSLT,   cloud  
[2018/09/19 20:00:06 065] isr        1335 0  udata(7c039518) 5  
[2018/09/19 20:00:06 216] isr        1639 ASR_MSG_SSE,   cloud  
[2018/09/19 20:00:06 216] isr        1356 session_end() [in]  
[2018/09/19 20:00:06 216] isr        1421 cloud_session_end() [in]  
[2018/09/19 20:00:06 219] isr        1488 ns_host=  open.xf-yun.com  
[2018/09/19 20:00:06 219] isr        1498 tick()mod=  31313393  
[2018/09/19 20:00:06 220] isr        1499 tick()=  31313393  
[2018/09/19 20:00:06 220] isr        1501 diff=  3495  
[2018/09/19 20:00:06 220] isr        1514 cloud_session_end() [out]  
[2018/09/19 20:00:06 221] isr        1667 isr unload!  
