============================================================
Time  2017/02/28 20:07:34 762 
============================================================
[2017/02/28 20:07:34 763] legacyuup  324  SYS_MSG_LOAD  
[2017/02/28 20:07:34 764] legacyuup  237  UUP_MSG_START  
[2017/02/28 20:07:34 764] legacyuup  239  legacyuup  legacyuup_14c93cb  268436457  1472383802  
[2017/02/28 20:07:34 764] legacyuup  282  User set url is   nil  
[2017/02/28 20:07:34 764] transport  609  paramkvsport is   nil  
[2017/02/28 20:07:34 764] transport  617  ns_enable=  1  
[2017/02/28 20:07:34 764] transport  661  url.full=  nil  
[2017/02/28 20:07:34 764] transport  837  switch 80  
[2017/02/28 20:07:34 764] transport  844  net type:  standard  
[2017/02/28 20:07:34 764] transport  845  net operator:  def  
[2017/02/28 20:07:34 764] transport  846  use proxy:  false  
[2017/02/28 20:07:34 764] legacyuup  299  not login!  
[2017/02/28 20:07:37 245] legacyuup  313  UUP_MSG_LGI_RESULT  
[2017/02/28 20:07:37 246] legacyuup  193  [session] send uup request  
[2017/02/28 20:07:37 246] transport  959  session.domain=  open.xf-yun.com  
[2017/02/28 20:07:37 247] transport  960  url.host=  open.xf-yun.com  
[2017/02/28 20:07:37 248] network    83   ipfromenv ,  ipcache  open.xf-yun.com  def  nil  
[2017/02/28 20:07:37 248] transport  994  NAMESERVER START  
[2017/02/28 20:07:37 248] transport  997  name =   asr  
[2017/02/28 20:07:37 248] ns         727  ntt=  standard  
[2017/02/28 20:07:37 248] transport  1000 trans,ns_inprog =  0  
[2017/02/28 20:07:37 248] ns         682  name server start  
[2017/02/28 20:07:37 248] ns         683  ns_sub =   asr  
[2017/02/28 20:07:37 248] ns         685  ns_host=  open.xf-yun.com  
[2017/02/28 20:07:37 248] ns         403  ns_host=  open.xf-yun.com  
[2017/02/28 20:07:37 249] ns         662  GET /sip/resolver?srand=0228200711.32 HTTP/1.1
Host: hdns.openspeech.cn
Connection: Keep-Alive
X-Par: ver=1.2&appid=57ac11ac&operator=UNKNOW&nettype=STANDARD&cver=5.0.27.1135&svc=asr&host=open.xf-yun.com&sign=2e130e7e1d95d2dc6ec0854e7e82ffea
User-Agent: iFLYCloud

  
[2017/02/28 20:07:37 249] ns         663  net_type =  standard  
[2017/02/28 20:07:37 249] ns         664  cmwapascmnet =  
[2017/02/28 20:07:37 249] ns         665  uniwapasuninet =  
[2017/02/28 20:07:37 249] ns         666  ctwapasctnet =  
[2017/02/28 20:07:37 249] ns         676  host=  hdns.openspeech.cn  
[2017/02/28 20:07:37 257] legacyuup  150  lver:  nil  
[2017/02/28 20:07:37 258] legacyuup  155  cfg_ver:  nil  
[2017/02/28 20:07:37 258] ns         290  ns dns resp  10214  
[2017/02/28 20:07:37 258] ns         564  ns dns failed, err =   10214  
[2017/02/28 20:07:37 258] ns         174  ns gethttpresp  117.121.48.5  80  
[2017/02/28 20:07:37 260] transport  295  [dns] [0] failed! 10214  
[2017/02/28 20:07:37 262] network    83   ipfromenv ,  ipcache  open.xf-yun.com  def  nil  
[2017/02/28 20:07:37 262] network    83   ipfromenv ,  ipcfg  open.xf-yun.com  def  nil  
[2017/02/28 20:07:37 262] transport  1166 [soc] connect   116.213.69.195  80  
[2017/02/28 20:07:37 262] transport  1183 mspsoc.open,prot_type=  tcp  
[2017/02/28 20:07:37 308] ns         199  ns connected  
[2017/02/28 20:07:37 309] transport  467  [soc] [0] connected  
[2017/02/28 20:07:37 309] transport  1220 build http request.  
[2017/02/28 20:07:37 309] transport  1320 POST /msp.do HTTP/1.1
Host: open.xf-yun.com
Content-Type: multipart/mixed;boundary=--
Content-Length: 894
User-Agent: iFLYCloud
Cache-Control: no-cache
Accept: */*

----
CL:124
CT:text/plain

ver=MSSP+0%2E9&sub=uup&cmd=uup&cver=5%2E0%2E27%2E1135&key=0df6ZaQYsk^k2DFGmLbq7yvwP0f8HorebLOQunIikBRf2cacJAk0EnHX1gv7011^Ur
----
CL:216
CT:binary/userdata+userword
CE:gzip,encrypt/0.2

ﬂZ„NÔ  
[2017/02/28 20:07:37 310] ns         202  ns send ok  271  
[2017/02/28 20:07:37 310] transport  489  [soc] [0] send ok  1067  
[2017/02/28 20:07:37 375] transport  501  [soc] [0] readable  
[2017/02/28 20:07:37 375] transport  1592 HTTP/1.1 200 OK
Content-Type: text/plain
Content-Length: 174
X-Req-Date: 2017/02/28 20:07:37 313
Cache-Control: no-cache
CL: 174
X-Res-Date: 2017/02/28 20:07:37 335

ver=MSSP+0%2E9&ret=0&cver=5%2E0%2E27%2E1135&uid=d6106586316&key=0fx7Rj2ihDXei5JDjHcO/0Xr8A924bTO^9cwgalnZ5FCI^HBywnTxKrRdKbraiH^^XWg^teRfX6BnjehTfGazlhxmhs5T9hkCh43oU3xms5Yc=  
[2017/02/28 20:07:37 375] transport  1339 a_complete_httpmessage  200  
[2017/02/28 20:07:37 375] transport  1448 is_update  true  
[2017/02/28 20:07:37 375] transport  1452 port updated  80  
[2017/02/28 20:07:37 375] transport  1454 switch  80  
[2017/02/28 20:07:37 375] legacyuup  70   [trans] [id = uuplegacyuup_14c93cb] readable  
[2017/02/28 20:07:37 375] network    83   ipfromenv ,  ipcache  open.xf-yun.com  def  nil  
[2017/02/28 20:07:37 375] transport  910  iplist not avail  
[2017/02/28 20:07:37 376] transport  1198 [soc] disconnect   
[2017/02/28 20:07:37 377] legacyuup  80   uup ok!  
[2017/02/28 20:07:37 377] legacyuup  333  SYS_MSG_UNLOAD  
