============================================================
Time  2017/03/01 14:21:46 305 
============================================================
[2017/03/01 14:21:46 306] legacyuup  324  SYS_MSG_LOAD  
[2017/03/01 14:21:46 308] legacyuup  237  UUP_MSG_START  
[2017/03/01 14:21:46 308] legacyuup  239  legacyuup  legacyuup_47960b  268436457  1472383802  
[2017/03/01 14:21:46 308] legacyuup  282  User set url is   nil  
[2017/03/01 14:21:46 308] transport  609  paramkvsport is   nil  
[2017/03/01 14:21:46 308] transport  617  ns_enable=  1  
[2017/03/01 14:21:46 308] transport  661  url.full=  nil  
[2017/03/01 14:21:46 308] transport  837  switch 80  
[2017/03/01 14:21:46 308] transport  844  net type:  standard  
[2017/03/01 14:21:46 308] transport  845  net operator:  def  
[2017/03/01 14:21:46 308] transport  846  use proxy:  false  
[2017/03/01 14:21:46 308] legacyuup  299  not login!  
[2017/03/01 14:21:48 562] legacyuup  313  UUP_MSG_LGI_RESULT  
[2017/03/01 14:21:48 562] legacyuup  193  [session] send uup request  
[2017/03/01 14:21:48 562] transport  959  session.domain=  open.xf-yun.com  
[2017/03/01 14:21:48 562] transport  960  url.host=  open.xf-yun.com  
[2017/03/01 14:21:48 563] network    83   ipfromenv ,  ipcache  open.xf-yun.com  def  nil  
[2017/03/01 14:21:48 563] transport  994  NAMESERVER START  
[2017/03/01 14:21:48 563] transport  997  name =   asr  
[2017/03/01 14:21:48 563] ns         727  ntt=  standard  
[2017/03/01 14:21:48 563] transport  1000 trans,ns_inprog =  0  
[2017/03/01 14:21:48 563] ns         682  name server start  
[2017/03/01 14:21:48 563] ns         683  ns_sub =   asr  
[2017/03/01 14:21:48 563] ns         685  ns_host=  open.xf-yun.com  
[2017/03/01 14:21:48 563] ns         403  ns_host=  open.xf-yun.com  
[2017/03/01 14:21:48 563] ns         662  GET /sip/resolver?srand=0301142111.32 HTTP/1.1
Host: hdns.openspeech.cn
Connection: Keep-Alive
X-Par: ver=1.2&appid=57ac11ac&operator=UNKNOW&nettype=STANDARD&cver=5.0.27.1135&svc=asr&host=open.xf-yun.com&sign=853b415c5e37b99a2e7623aaccde92d1
User-Agent: iFLYCloud

  
[2017/03/01 14:21:48 563] ns         663  net_type =  standard  
[2017/03/01 14:21:48 563] ns         664  cmwapascmnet =  
[2017/03/01 14:21:48 563] ns         665  uniwapasuninet =  
[2017/03/01 14:21:48 563] ns         666  ctwapasctnet =  
[2017/03/01 14:21:48 563] ns         676  host=  hdns.openspeech.cn  
[2017/03/01 14:21:48 563] legacyuup  150  lver:  nil  
[2017/03/01 14:21:48 563] legacyuup  155  cfg_ver:  nil  
[2017/03/01 14:21:50 532] ns         290  ns dns resp  0  
[2017/03/01 14:21:50 533] ns         346  ip_is_expected=  true  
[2017/03/01 14:21:50 533] ns         332  ip front is  117.121.56  
[2017/03/01 14:21:50 533] ns         337  warning: ip not found in ip_list  
[2017/03/01 14:21:50 533] ns         348  is_voicecloud_ip=  1  
[2017/03/01 14:21:50 533] ns         355  ip_is_expected=  true  
[2017/03/01 14:21:50 533] ns         363  ip_is_expected=  true  
[2017/03/01 14:21:50 533] ns         558  ns dns ok  117.121.56.5  
[2017/03/01 14:21:50 533] ns         174  ns gethttpresp  117.121.56.5  80  
[2017/03/01 14:21:50 563] transport  142  [dns] [0] response 59.107.24.5  
[2017/03/01 14:21:50 563] transport  152  59  107  24  5  
[2017/03/01 14:21:50 563] transport  203  ipv =  v4  
[2017/03/01 14:21:50 563] transport  207  dns ip is v4  
[2017/03/01 14:21:50 563] transport  188  ip front is  59.107.24  
[2017/03/01 14:21:50 563] transport  260  expected ip  
[2017/03/01 14:21:50 563] network    88   iptoenv ,  ipcache  open.xf-yun.com  def  59.107.24.5  
[2017/03/01 14:21:50 564] transport  290  dns cb start conn  
[2017/03/01 14:21:50 564] transport  1166 [soc] connect   59.107.24.5  80  
[2017/03/01 14:21:50 564] transport  1183 mspsoc.open,prot_type=  tcp  
[2017/03/01 14:21:50 575] ns         199  ns connected  
[2017/03/01 14:21:50 575] transport  467  [soc] [0] connected  
[2017/03/01 14:21:50 575] transport  1220 build http request.  
[2017/03/01 14:21:50 576] transport  1320 POST /msp.do HTTP/1.1
Host: open.xf-yun.com
Content-Type: multipart/mixed;boundary=--
Content-Length: 853
User-Agent: iFLYCloud
Cache-Control: no-cache
Accept: */*

----
CL:84
CT:text/plain

ver=MSSP+0%2E9&sub=uup&cmd=uup&cver=5%2E0%2E27%2E1135&key=0c4G4KJ85svIz10sMzTVscwA==
----
CL:216
CT:binary/userdata+userword
CE:gzip,encrypt/0.2

ﬂZ„NÔ  
[2017/03/01 14:21:50 577] ns         202  ns send ok  271  
[2017/03/01 14:21:50 577] transport  489  [soc] [0] send ok  1026  
[2017/03/01 14:21:50 597] transport  501  [soc] [0] readable  
[2017/03/01 14:21:50 597] transport  1592 HTTP/1.1 200 OK
Content-Type: text/plain
Content-Length: 174
X-Req-Date: 2017/03/01 14:21:50 538
Cache-Control: no-cache
CL: 174
X-Res-Date: 2017/03/01 14:21:50 551

ver=MSSP+0%2E9&ret=0&cver=5%2E0%2E27%2E1135&uid=d6106586316&key=0fD1CWdfx4FY86AEe0Xu5BzF/V4Xso^FsZ/Cj^8i78VYA^HBywnTxKrRdKbraiH^^XWg^teRfX6BnjehTfGazlhxmhs5T9hkCh43oU3xms5Yc=  
[2017/03/01 14:21:50 597] transport  1339 a_complete_httpmessage  200  
[2017/03/01 14:21:50 597] transport  1448 is_update  true  
[2017/03/01 14:21:50 597] transport  1452 port updated  80  
[2017/03/01 14:21:50 597] transport  1454 switch  80  
[2017/03/01 14:21:50 597] legacyuup  70   [trans] [id = uuplegacyuup_47960b] readable  
[2017/03/01 14:21:50 598] network    83   ipfromenv ,  ipcache  open.xf-yun.com  def  59.107.24.5  
[2017/03/01 14:21:50 598] transport  919  cached ip is confirmed  
[2017/03/01 14:21:50 598] transport  1198 [soc] disconnect   
[2017/03/01 14:21:50 599] legacyuup  80   uup ok!  
[2017/03/01 14:21:50 599] legacyuup  333  SYS_MSG_UNLOAD  
